#NEXUS

BEGIN TAXA;
[! Taxa block written by Bio::Phylo::Taxa 0.58 on Thu Jul  7 17:08:27 2016 ]
	
        DIMENSIONS NTAX=821;
        TAXLABELS
		s1
		s10
		s100
		s101
		s102
		s103
		s104
		s105
		s106
		s107
		s108
		s109
		s11
		s110
		s111
		s112
		s113
		s114
		s115
		s116
		s117
		s118
		s119
		s12
		s120
		s121
		s122
		s123
		s124
		s125
		s126
		s127
		s128
		s129
		s13
		s130
		s131
		s132
		s133
		s134
		s135
		s136
		s137
		s138
		s139
		s14
		s140
		s141
		s142
		s143
		s144
		s145
		s146
		s147
		s148
		s149
		s15
		s150
		s151
		s152
		s153
		s154
		s155
		s156
		s157
		s158
		s159
		s16
		s160
		s161
		s162
		s163
		s164
		s165
		s166
		s167
		s168
		s169
		s17
		s170
		s171
		s172
		s173
		s174
		s175
		s176
		s177
		s178
		s179
		s18
		s180
		s181
		s182
		s183
		s184
		s185
		s186
		s187
		s188
		s189
		s19
		s190
		s191
		s192
		s193
		s194
		s195
		s196
		s197
		s198
		s199
		s2
		s20
		s200
		s201
		s202
		s203
		s204
		s205
		s206
		s207
		s208
		s209
		s21
		s210
		s211
		s212
		s213
		s214
		s215
		s216
		s217
		s218
		s219
		s22
		s220
		s221
		s222
		s223
		s224
		s225
		s226
		s227
		s228
		s229
		s23
		s230
		s231
		s232
		s233
		s234
		s235
		s236
		s237
		s238
		s239
		s24
		s240
		s241
		s242
		s243
		s244
		s245
		s246
		s247
		s248
		s249
		s25
		s250
		s251
		s252
		s253
		s254
		s255
		s256
		s257
		s258
		s259
		s26
		s260
		s261
		s262
		s263
		s264
		s265
		s266
		s267
		s268
		s269
		s27
		s270
		s271
		s272
		s273
		s274
		s275
		s276
		s277
		s278
		s279
		s28
		s280
		s281
		s282
		s283
		s284
		s285
		s286
		s287
		s288
		s289
		s29
		s290
		s291
		s292
		s293
		s294
		s295
		s296
		s297
		s298
		s299
		s3
		s30
		s300
		s301
		s302
		s303
		s304
		s305
		s306
		s307
		s308
		s309
		s31
		s310
		s311
		s312
		s313
		s314
		s315
		s316
		s317
		s318
		s319
		s32
		s320
		s321
		s322
		s323
		s324
		s325
		s326
		s327
		s328
		s329
		s33
		s330
		s331
		s332
		s333
		s334
		s335
		s336
		s337
		s338
		s339
		s34
		s340
		s341
		s342
		s343
		s344
		s345
		s346
		s347
		s348
		s349
		s35
		s350
		s351
		s352
		s353
		s354
		s355
		s356
		s357
		s358
		s359
		s36
		s360
		s361
		s362
		s363
		s364
		s365
		s366
		s367
		s368
		s369
		s37
		s370
		s371
		s372
		s373
		s374
		s375
		s376
		s377
		s378
		s379
		s38
		s380
		s381
		s382
		s383
		s384
		s385
		s386
		s387
		s388
		s389
		s39
		s390
		s391
		s392
		s393
		s394
		s395
		s396
		s397
		s398
		s399
		s4
		s40
		s400
		s401
		s402
		s403
		s404
		s405
		s406
		s407
		s408
		s409
		s41
		s410
		s411
		s412
		s413
		s414
		s415
		s416
		s417
		s418
		s419
		s42
		s420
		s421
		s422
		s423
		s424
		s425
		s426
		s427
		s428
		s429
		s43
		s430
		s431
		s432
		s433
		s434
		s435
		s436
		s437
		s438
		s439
		s44
		s440
		s441
		s442
		s443
		s444
		s445
		s446
		s447
		s448
		s449
		s45
		s450
		s451
		s452
		s453
		s454
		s455
		s456
		s457
		s458
		s459
		s46
		s460
		s461
		s462
		s463
		s464
		s465
		s466
		s467
		s468
		s469
		s47
		s470
		s471
		s472
		s473
		s474
		s475
		s476
		s477
		s478
		s479
		s48
		s480
		s481
		s482
		s483
		s484
		s485
		s486
		s487
		s488
		s489
		s49
		s490
		s491
		s492
		s493
		s494
		s495
		s496
		s497
		s498
		s499
		s5
		s50
		s500
		s501
		s502
		s503
		s504
		s505
		s506
		s507
		s508
		s509
		s51
		s510
		s511
		s512
		s513
		s514
		s515
		s516
		s517
		s518
		s519
		s52
		s520
		s521
		s522
		s523
		s524
		s525
		s526
		s527
		s528
		s529
		s53
		s530
		s531
		s532
		s533
		s534
		s535
		s536
		s537
		s538
		s539
		s54
		s540
		s541
		s542
		s543
		s544
		s545
		s546
		s547
		s548
		s549
		s55
		s550
		s551
		s552
		s553
		s554
		s555
		s556
		s557
		s558
		s559
		s56
		s560
		s561
		s562
		s563
		s564
		s565
		s566
		s567
		s568
		s569
		s57
		s570
		s571
		s572
		s573
		s574
		s575
		s576
		s577
		s578
		s579
		s58
		s580
		s581
		s582
		s583
		s584
		s585
		s586
		s587
		s588
		s589
		s59
		s590
		s591
		s592
		s593
		s594
		s595
		s596
		s597
		s598
		s599
		s6
		s60
		s600
		s601
		s602
		s603
		s604
		s605
		s606
		s607
		s608
		s609
		s61
		s610
		s611
		s612
		s613
		s614
		s615
		s616
		s617
		s618
		s619
		s62
		s620
		s621
		s622
		s623
		s624
		s625
		s626
		s627
		s628
		s629
		s63
		s630
		s631
		s632
		s633
		s634
		s635
		s636
		s637
		s638
		s639
		s64
		s640
		s641
		s642
		s643
		s644
		s645
		s646
		s647
		s648
		s649
		s65
		s650
		s651
		s652
		s653
		s654
		s655
		s656
		s657
		s658
		s659
		s66
		s660
		s661
		s662
		s663
		s664
		s665
		s666
		s667
		s668
		s669
		s67
		s670
		s671
		s672
		s673
		s674
		s675
		s676
		s677
		s678
		s679
		s68
		s680
		s681
		s682
		s683
		s684
		s685
		s686
		s687
		s688
		s689
		s69
		s690
		s691
		s692
		s693
		s694
		s695
		s696
		s697
		s698
		s699
		s7
		s70
		s700
		s701
		s702
		s703
		s704
		s705
		s706
		s707
		s708
		s709
		s71
		s710
		s711
		s712
		s713
		s714
		s715
		s716
		s717
		s718
		s719
		s72
		s720
		s721
		s722
		s723
		s724
		s725
		s726
		s727
		s728
		s729
		s73
		s730
		s731
		s732
		s733
		s734
		s735
		s736
		s737
		s738
		s739
		s74
		s740
		s741
		s742
		s743
		s744
		s745
		s746
		s747
		s748
		s749
		s75
		s750
		s751
		s752
		s753
		s754
		s755
		s756
		s757
		s758
		s759
		s76
		s760
		s761
		s762
		s763
		s764
		s765
		s766
		s767
		s768
		s769
		s77
		s770
		s771
		s772
		s773
		s774
		s775
		s776
		s777
		s778
		s779
		s78
		s780
		s781
		s782
		s783
		s784
		s785
		s786
		s787
		s788
		s789
		s79
		s790
		s791
		s792
		s793
		s794
		s795
		s796
		s797
		s798
		s799
		s8
		s80
		s800
		s801
		s802
		s803
		s804
		s805
		s806
		s807
		s808
		s809
		s81
		s810
		s811
		s812
		s813
		s814
		s815
		s816
		s817
		s818
		s819
		s82
		s820
		s821
		s83
		s84
		s85
		s86
		s87
		s88
		s89
		s9
		s90
		s91
		s92
		s93
		s94
		s95
		s96
		s97
		s98
		s99
        ;
END;
BEGIN TREES;
[! Trees block written by Bio::Phylo::Forest 0.58 on Thu Jul  7 17:08:27 2016 ]
[! Tree(s) include FigTree node annotations ]
	TRANSLATE
		1 s390,
		2 s231,
		3 s275,
		4 s797,
		5 s522,
		6 s526,
		7 s810,
		8 s593,
		9 s709,
		10 s58,
		11 s199,
		12 s252,
		13 s423,
		14 s70,
		15 s653,
		16 s126,
		17 s663,
		18 s559,
		19 s56,
		20 s726,
		21 s194,
		22 s574,
		23 s617,
		24 s114,
		25 s656,
		26 s256,
		27 s81,
		28 s762,
		29 s308,
		30 s793,
		31 s186,
		32 s759,
		33 s679,
		34 s514,
		35 s781,
		36 s736,
		37 s674,
		38 s608,
		39 s570,
		40 s333,
		41 s634,
		42 s277,
		43 s799,
		44 s477,
		45 s153,
		46 s670,
		47 s216,
		48 s537,
		49 s265,
		50 s671,
		51 s2,
		52 s65,
		53 s239,
		54 s658,
		55 s371,
		56 s718,
		57 s112,
		58 s54,
		59 s469,
		60 s405,
		61 s12,
		62 s31,
		63 s367,
		64 s8,
		65 s168,
		66 s30,
		67 s351,
		68 s721,
		69 s238,
		70 s43,
		71 s729,
		72 s166,
		73 s503,
		74 s492,
		75 s323,
		76 s249,
		77 s302,
		78 s539,
		79 s609,
		80 s753,
		81 s105,
		82 s652,
		83 s28,
		84 s193,
		85 s131,
		86 s727,
		87 s284,
		88 s152,
		89 s37,
		90 s561,
		91 s197,
		92 s579,
		93 s731,
		94 s104,
		95 s383,
		96 s532,
		97 s558,
		98 s628,
		99 s644,
		100 s306,
		101 s295,
		102 s606,
		103 s510,
		104 s118,
		105 s807,
		106 s18,
		107 s106,
		108 s361,
		109 s536,
		110 s806,
		111 s399,
		112 s458,
		113 s321,
		114 s591,
		115 s355,
		116 s279,
		117 s137,
		118 s626,
		119 s373,
		120 s550,
		121 s151,
		122 s322,
		123 s184,
		124 s734,
		125 s647,
		126 s612,
		127 s159,
		128 s629,
		129 s290,
		130 s820,
		131 s73,
		132 s92,
		133 s690,
		134 s778,
		135 s546,
		136 s766,
		137 s437,
		138 s80,
		139 s138,
		140 s346,
		141 s139,
		142 s444,
		143 s583,
		144 s488,
		145 s119,
		146 s741,
		147 s146,
		148 s643,
		149 s276,
		150 s206,
		151 s463,
		152 s26,
		153 s611,
		154 s419,
		155 s543,
		156 s130,
		157 s29,
		158 s700,
		159 s506,
		160 s374,
		161 s441,
		162 s404,
		163 s504,
		164 s39,
		165 s443,
		166 s494,
		167 s24,
		168 s473,
		169 s501,
		170 s415,
		171 s79,
		172 s465,
		173 s563,
		174 s442,
		175 s528,
		176 s372,
		177 s691,
		178 s428,
		179 s581,
		180 s381,
		181 s637,
		182 s237,
		183 s715,
		184 s446,
		185 s240,
		186 s220,
		187 s618,
		188 s40,
		189 s605,
		190 s659,
		191 s393,
		192 s387,
		193 s358,
		194 s588,
		195 s756,
		196 s460,
		197 s582,
		198 s800,
		199 s69,
		200 s440,
		201 s172,
		202 s448,
		203 s789,
		204 s754,
		205 s108,
		206 s788,
		207 s422,
		208 s640,
		209 s455,
		210 s595,
		211 s286,
		212 s620,
		213 s676,
		214 s610,
		215 s763,
		216 s505,
		217 s14,
		218 s760,
		219 s621,
		220 s447,
		221 s224,
		222 s248,
		223 s326,
		224 s353,
		225 s33,
		226 s149,
		227 s236,
		228 s655,
		229 s299,
		230 s445,
		231 s384,
		232 s749,
		233 s641,
		234 s169,
		235 s420,
		236 s336,
		237 s328,
		238 s695,
		239 s499,
		240 s82,
		241 s764,
		242 s631,
		243 s67,
		244 s630,
		245 s343,
		246 s534,
		247 s556,
		248 s673,
		249 s733,
		250 s51,
		251 s113,
		252 s430,
		253 s370,
		254 s650,
		255 s515,
		256 s675,
		257 s392,
		258 s738,
		259 s542,
		260 s742,
		261 s699,
		262 s698,
		263 s811,
		264 s538,
		265 s518,
		266 s743,
		267 s471,
		268 s613,
		269 s226,
		270 s730,
		271 s472,
		272 s512,
		273 s95,
		274 s288,
		275 s266,
		276 s464,
		277 s134,
		278 s291,
		279 s575,
		280 s409,
		281 s210,
		282 s262,
		283 s85,
		284 s136,
		285 s728,
		286 s439,
		287 s533,
		288 s625,
		289 s688,
		290 s685,
		291 s49,
		292 s484,
		293 s817,
		294 s710,
		295 s86,
		296 s98,
		297 s410,
		298 s761,
		299 s669,
		300 s418,
		301 s297,
		302 s622,
		303 s334,
		304 s196,
		305 s145,
		306 s36,
		307 s603,
		308 s123,
		309 s192,
		310 s267,
		311 s493,
		312 s229,
		313 s201,
		314 s483,
		315 s708,
		316 s235,
		317 s337,
		318 s678,
		319 s750,
		320 s360,
		321 s94,
		322 s312,
		323 s821,
		324 s232,
		325 s486,
		326 s269,
		327 s576,
		328 s327,
		329 s813,
		330 s572,
		331 s88,
		332 s802,
		333 s342,
		334 s48,
		335 s72,
		336 s62,
		337 s251,
		338 s10,
		339 s6,
		340 s52,
		341 s779,
		342 s520,
		343 s389,
		344 s15,
		345 s429,
		346 s431,
		347 s382,
		348 s665,
		349 s568,
		350 s530,
		351 s218,
		352 s300,
		353 s174,
		354 s377,
		355 s222,
		356 s452,
		357 s317,
		358 s485,
		359 s394,
		360 s654,
		361 s1,
		362 s329,
		363 s171,
		364 s109,
		365 s791,
		366 s737,
		367 s772,
		368 s765,
		369 s127,
		370 s233,
		371 s529,
		372 s564,
		373 s263,
		374 s401,
		375 s792,
		376 s368,
		377 s245,
		378 s331,
		379 s598,
		380 s212,
		381 s309,
		382 s555,
		383 s185,
		384 s771,
		385 s649,
		386 s604,
		387 s812,
		388 s513,
		389 s600,
		390 s413,
		391 s816,
		392 s175,
		393 s403,
		394 s200,
		395 s704,
		396 s215,
		397 s354,
		398 s260,
		399 s724,
		400 s577,
		401 s84,
		402 s434,
		403 s714,
		404 s380,
		405 s160,
		406 s391,
		407 s314,
		408 s42,
		409 s664,
		410 s66,
		411 s53,
		412 s244,
		413 s320,
		414 s627,
		415 s356,
		416 s195,
		417 s540,
		418 s13,
		419 s646,
		420 s117,
		421 s183,
		422 s496,
		423 s147,
		424 s553,
		425 s164,
		426 s468,
		427 s225,
		428 s133,
		429 s548,
		430 s77,
		431 s662,
		432 s135,
		433 s478,
		434 s332,
		435 s189,
		436 s584,
		437 s648,
		438 s426,
		439 s272,
		440 s181,
		441 s451,
		442 s524,
		443 s527,
		444 s375,
		445 s560,
		446 s585,
		447 s746,
		448 s707,
		449 s93,
		450 s657,
		451 s740,
		452 s798,
		453 s76,
		454 s686,
		455 s414,
		456 s432,
		457 s246,
		458 s292,
		459 s607,
		460 s535,
		461 s316,
		462 s713,
		463 s340,
		464 s777,
		465 s241,
		466 s551,
		467 s397,
		468 s624,
		469 s294,
		470 s776,
		471 s747,
		472 s785,
		473 s571,
		474 s364,
		475 s638,
		476 s719,
		477 s350,
		478 s680,
		479 s287,
		480 s398,
		481 s712,
		482 s594,
		483 s703,
		484 s202,
		485 s693,
		486 s768,
		487 s313,
		488 s44,
		489 s457,
		490 s402,
		491 s293,
		492 s144,
		493 s459,
		494 s121,
		495 s783,
		496 s407,
		497 s683,
		498 s198,
		499 s143,
		500 s273,
		501 s55,
		502 s87,
		503 s590,
		504 s21,
		505 s274,
		506 s744,
		507 s408,
		508 s78,
		509 s639,
		510 s386,
		511 s344,
		512 s315,
		513 s547,
		514 s110,
		515 s815,
		516 s19,
		517 s254,
		518 s209,
		519 s103,
		520 s347,
		521 s11,
		522 s491,
		523 s221,
		524 s75,
		525 s208,
		526 s335,
		527 s580,
		528 s90,
		529 s63,
		530 s34,
		531 s162,
		532 s7,
		533 s362,
		534 s32,
		535 s125,
		536 s170,
		537 s17,
		538 s801,
		539 s107,
		540 s702,
		541 s425,
		542 s417,
		543 s211,
		544 s83,
		545 s167,
		546 s177,
		547 s549,
		548 s129,
		549 s365,
		550 s304,
		551 s500,
		552 s803,
		553 s456,
		554 s687,
		555 s341,
		556 s96,
		557 s255,
		558 s234,
		559 s416,
		560 s632,
		561 s141,
		562 s615,
		563 s411,
		564 s787,
		565 s519,
		566 s68,
		567 s50,
		568 s378,
		569 s285,
		570 s253,
		571 s385,
		572 s228,
		573 s697,
		574 s115,
		575 s359,
		576 s243,
		577 s357,
		578 s122,
		579 s449,
		580 s601,
		581 s3,
		582 s511,
		583 s755,
		584 s349,
		585 s22,
		586 s45,
		587 s148,
		588 s4,
		589 s25,
		590 s636,
		591 s667,
		592 s619,
		593 s758,
		594 s406,
		595 s213,
		596 s74,
		597 s786,
		598 s804,
		599 s102,
		600 s64,
		601 s497,
		602 s207,
		603 s525,
		604 s751,
		605 s725,
		606 s668,
		607 s635,
		608 s602,
		609 s597,
		610 s436,
		611 s268,
		612 s165,
		613 s140,
		614 s509,
		615 s508,
		616 s163,
		617 s173,
		618 s191,
		619 s20,
		620 s379,
		621 s723,
		622 s752,
		623 s250,
		624 s495,
		625 s739,
		626 s805,
		627 s120,
		628 s278,
		629 s819,
		630 s782,
		631 s345,
		632 s182,
		633 s348,
		634 s289,
		635 s89,
		636 s490,
		637 s376,
		638 s271,
		639 s101,
		640 s599,
		641 s767,
		642 s480,
		643 s161,
		644 s261,
		645 s462,
		646 s466,
		647 s303,
		648 s552,
		649 s363,
		650 s214,
		651 s479,
		652 s100,
		653 s773,
		654 s562,
		655 s642,
		656 s651,
		657 s589,
		658 s818,
		659 s61,
		660 s645,
		661 s369,
		662 s176,
		663 s204,
		664 s517,
		665 s453,
		666 s745,
		667 s307,
		668 s696,
		669 s47,
		670 s682,
		671 s27,
		672 s388,
		673 s474,
		674 s684,
		675 s660,
		676 s324,
		677 s475,
		678 s454,
		679 s412,
		680 s795,
		681 s338,
		682 s716,
		683 s230,
		684 s586,
		685 s305,
		686 s59,
		687 s735,
		688 s467,
		689 s706,
		690 s809,
		691 s396,
		692 s421,
		693 s482,
		694 s701,
		695 s614,
		696 s339,
		697 s502,
		698 s592,
		699 s217,
		700 s450,
		701 s99,
		702 s770,
		703 s280,
		704 s259,
		705 s523,
		706 s57,
		707 s301,
		708 s748,
		709 s9,
		710 s780,
		711 s187,
		712 s188,
		713 s116,
		714 s438,
		715 s694,
		716 s247,
		717 s692,
		718 s689,
		719 s677,
		720 s223,
		721 s227,
		722 s623,
		723 s681,
		724 s587,
		725 s461,
		726 s154,
		727 s435,
		728 s330,
		729 s566,
		730 s296,
		731 s554,
		732 s757,
		733 s814,
		734 s298,
		735 s507,
		736 s264,
		737 s281,
		738 s516,
		739 s424,
		740 s775,
		741 s717,
		742 s46,
		743 s242,
		744 s270,
		745 s219,
		746 s720,
		747 s498,
		748 s258,
		749 s38,
		750 s203,
		751 s633,
		752 s567,
		753 s544,
		754 s366,
		755 s150,
		756 s5,
		757 s711,
		758 s769,
		759 s487,
		760 s311,
		761 s470,
		762 s790,
		763 s35,
		764 s569,
		765 s16,
		766 s796,
		767 s433,
		768 s774,
		769 s400,
		770 s310,
		771 s481,
		772 s60,
		773 s41,
		774 s23,
		775 s257,
		776 s541,
		777 s205,
		778 s71,
		779 s427,
		780 s557,
		781 s91,
		782 s521,
		783 s132,
		784 s705,
		785 s283,
		786 s319,
		787 s178,
		788 s142,
		789 s661,
		790 s794,
		791 s722,
		792 s666,
		793 s476,
		794 s489,
		795 s156,
		796 s732,
		797 s155,
		798 s190,
		799 s596,
		800 s179,
		801 s180,
		802 s545,
		803 s808,
		804 s158,
		805 s395,
		806 s573,
		807 s531,
		808 s784,
		809 s128,
		810 s565,
		811 s318,
		812 s157,
		813 s282,
		814 s352,
		815 s325,
		816 s578,
		817 s124,
		818 s616,
		819 s111,
		820 s672,
		821 s97;
	TREE Tree2 = [&R] (((1[&def="augustus_masked-DS113317-processed-gene-0.13-mRNA-1",cid=c1037,aka=c1037]:0.800000,2[&def="genemark-DS113227-processed-gene-1.30-mRNA-1",cid=c976,aka=c976]:0.800000,3[&def="augustus_masked-DS113441-processed-gene-0.4-mRNA-1",cid=c857,aka=c857]:0.800000,4[&def="augustus_masked-DS114968-processed-gene-0.0-mRNA-1",cid=c1001,aka=c1001]:0.800000,(279[&def="genemark-DS113444-processed-gene-0.40-mRNA-1",cid=c1202,aka=c1202]:0.700000,(687[&def="augustus_masked-DS113187-processed-gene-2.14-mRNA-1",cid=c1775,aka=c1775]:0.400000,688[&def="genemark-DS113335-processed-gene-0.69-mRNA-1",cid=c1776,aka=c1776]:0.400000)c1203[&cid=c1203,aka=c1203]:0.700000)c1115[&cid=c1115,aka=c1115]:0.800000,(280[&def="augustus_masked-DS113530-processed-gene-0.2-mRNA-1",cid=c1204,aka=c1204]:0.700000,281[&def="genemark-DS113184-processed-gene-1.29-mRNA-1",cid=c1205,aka=c1205]:0.700000)c1126[&cid=c1126,aka=c1126]:0.800000,5[&def="genemark-DS113247-processed-gene-0.65-mRNA-1",cid=c955,aka=c955]:0.800000,6[&def="genemark-DS113809-processed-gene-0.18-mRNA-1",cid=c1094,aka=c1094]:0.800000,(282[&def="augustus_masked-DS113619-processed-gene-0.2-mRNA-1",cid=c1206,aka=c1206]:0.700000,283[&def="augustus_masked-DS113713-processed-gene-0.14-mRNA-1",cid=c1207,aka=c1207]:0.700000)c1109[&cid=c1109,aka=c1109]:0.800000,7[&def="snap_masked-DS113718-processed-gene-0.34-mRNA-1",cid=c851,aka=c851]:0.800000,8[&def="genemark-DS113209-processed-gene-1.43-mRNA-1",cid=c912,aka=c912]:0.800000,9[&def="genemark-DS113514-processed-gene-0.51-mRNA-1",cid=c839,aka=c839]:0.800000,10[&def="augustus_masked-DS113766-processed-gene-0.5-mRNA-1",cid=c914,aka=c914]:0.800000,((689[&def="augustus_masked-DS113816-processed-gene-0.1-mRNA-1",cid=c1773,aka=c1773]:0.400000,690[&def="augustus_masked-DS113718-processed-gene-0.0-mRNA-1",cid=c1774,aka=c1774]:0.400000)c1209[&cid=c1209,aka=c1209]:0.700000,284[&def="genemark-DS113298-processed-gene-0.69-mRNA-1",cid=c1208,aka=c1208]:0.700000)c1194[&cid=c1194,aka=c1194]:0.800000,11[&def="genemark-DS113422-processed-gene-0.57-mRNA-1",cid=c1006,aka=c1006]:0.800000,12[&def="augustus_masked-DS113801-processed-gene-0.0-mRNA-1",cid=c1032,aka=c1032]:0.800000,13[&def="genemark-DS113336-processed-gene-0.51-mRNA-1",cid=c1012,aka=c1012]:0.800000,(285[&def="genemark-DS113427-processed-gene-0.23-mRNA-1",cid=c1604,aka=c1604]:0.600000,286[&def="genemark-DS113541-processed-gene-0.43-mRNA-1",cid=c1605,aka=c1605]:0.600000,(691[&def="augustus_masked-DS113445-processed-gene-0.5-mRNA-1",cid=c1806,aka=c1806]:0.000000,692[&def="augustus_masked-DS113405-processed-gene-0.0-mRNA-1",cid=c1805,aka=c1805]:0.000000)c1606[&cid=c1606,aka=c1606]:0.600000)c1132[&cid=c1132,aka=c1132]:0.800000,(287[&def="genemark-DS114170-processed-gene-0.5-mRNA-1",cid=c1743,aka=c1743]:0.500000,288[&def="genemark-DS113217-processed-gene-0.67-mRNA-1",cid=c1744,aka=c1744]:0.500000)c1136[&cid=c1136,aka=c1136]:0.800000,14[&def="genemark-DS113258-processed-gene-0.84-mRNA-1",cid=c1091,aka=c1091]:0.800000,(289[&def="augustus_masked-DS113203-processed-gene-0.8-mRNA-1",cid=c1210,aka=c1210]:0.700000,290[&def="augustus_masked-DS113310-processed-gene-0.20-mRNA-1",cid=c1211,aka=c1211]:0.700000,291[&def="augustus_masked-DS115641-processed-gene-0.0-mRNA-1",cid=c1212,aka=c1212]:0.700000,(693[&def="augustus_masked-DS113846-processed-gene-0.9-mRNA-1",cid=c1807,aka=c1807]:0.000000,694[&def="snap_masked-DS113296-processed-gene-0.94-mRNA-1",cid=c1808,aka=c1808]:0.000000)c1213[&cid=c1213,aka=c1213]:0.700000)c1190[&cid=c1190,aka=c1190]:0.800000,15[&def="genemark-DS113538-processed-gene-0.19-mRNA-1",cid=c894,aka=c894]:0.800000,16[&def="genemark-DS113231-processed-gene-1.66-mRNA-1",cid=c961,aka=c961]:0.800000,17[&def="genemark-DS113433-processed-gene-0.48-mRNA-1",cid=c836,aka=c836]:0.800000,(292[&def="genemark-DS113643-processed-gene-0.20-mRNA-1",cid=c1214,aka=c1214]:0.700000,293[&def="genemark-DS113305-processed-gene-0.45-mRNA-1",cid=c1215,aka=c1215]:0.700000)c1141[&cid=c1141,aka=c1141]:0.800000,18[&def="genemark-DS113497-processed-gene-0.54-mRNA-1",cid=c939,aka=c939]:0.800000,(294[&def="augustus_masked-DS113491-processed-gene-0.3-mRNA-1",cid=c1804,aka=c1804]:0.000000,295[&def="snap_masked-DS114062-processed-gene-0.23-mRNA-1",cid=c1803,aka=c1803]:0.000000)c1178[&cid=c1178,aka=c1178]:0.800000,19[&def="snap_masked-DS113699-processed-gene-0.43-mRNA-1",cid=c983,aka=c983]:0.800000,20[&def="genemark-DS113490-processed-gene-0.9-mRNA-1",cid=c887,aka=c887]:0.800000,(296[&def="genemark-DS113318-processed-gene-0.60-mRNA-1",cid=c1745,aka=c1745]:0.500000,297[&def="augustus_masked-DS113222-processed-gene-0.1-mRNA-1",cid=c1746,aka=c1746]:0.500000)c1120[&cid=c1120,aka=c1120]:0.800000,21[&def="augustus_masked-DS113409-processed-gene-0.0-mRNA-1",cid=c952,aka=c952]:0.800000,22[&def="genemark-DS113869-processed-gene-0.18-mRNA-1",cid=c866,aka=c866]:0.800000,23[&def="snap_masked-DS113495-processed-gene-0.47-mRNA-1",cid=c1042,aka=c1042]:0.800000,24[&def="genemark-DS113473-processed-gene-0.24-mRNA-1",cid=c1067,aka=c1067]:0.800000,((695[&def="augustus_masked-DS113192-processed-gene-1.47-mRNA-1",cid=c1734,aka=c1734]:0.500000,696[&def="genemark-DS113384-processed-gene-0.41-mRNA-1",cid=c1733,aka=c1733]:0.500000)c1217[&cid=c1217,aka=c1217]:0.700000,298[&def="augustus_masked-DS113853-processed-gene-0.0-mRNA-1",cid=c1216,aka=c1216]:0.700000)c1186[&cid=c1186,aka=c1186]:0.800000,25[&def="genemark-DS113819-processed-gene-0.10-mRNA-1",cid=c1077,aka=c1077]:0.800000,(299[&def="genemark-DS113586-processed-gene-0.48-mRNA-1",cid=c1218,aka=c1218]:0.700000,300[&def="genemark-DS113228-processed-gene-1.51-mRNA-1",cid=c1219,aka=c1219]:0.700000)c1135[&cid=c1135,aka=c1135]:0.800000,26[&def="genemark-DS113365-processed-gene-0.70-mRNA-1",cid=c844,aka=c844]:0.800000,27[&def="genemark-DS113691-processed-gene-0.33-mRNA-1",cid=c940,aka=c940]:0.800000,(301[&def="genemark-DS113865-processed-gene-0.12-mRNA-1",cid=c1221,aka=c1221]:0.700000,302[&def="snap_masked-DS114123-processed-gene-0.20-mRNA-1",cid=c1220,aka=c1220]:0.700000)c1172[&cid=c1172,aka=c1172]:0.800000,((697[&def="augustus_masked-DS114152-processed-gene-0.2-mRNA-1",cid=c1695,aka=c1695]:0.600000,698[&def="genemark-DS113209-processed-gene-1.45-mRNA-1",cid=c1696,aka=c1696]:0.600000)c1223[&cid=c1223,aka=c1223]:0.700000,303[&def="augustus_masked-DS113814-processed-gene-0.0-mRNA-1",cid=c1222,aka=c1222]:0.700000)c1149[&cid=c1149,aka=c1149]:0.800000,28[&def="genemark-DS113853-processed-gene-0.19-mRNA-1",cid=c1082,aka=c1082]:0.800000,29[&def="maker-DS113398-snap-gene-0.95-mRNA-1",cid=c1089,aka=c1089]:0.800000,30[&def="genemark-DS113672-processed-gene-0.31-mRNA-1",cid=c869,aka=c869]:0.800000,31[&def="genemark-DS113182-processed-gene-1.18-mRNA-1",cid=c888,aka=c888]:0.800000,32[&def="augustus_masked-DS113311-processed-gene-0.2-mRNA-1",cid=c982,aka=c982]:0.800000,33[&def="genemark-DS113921-processed-gene-0.27-mRNA-1",cid=c968,aka=c968]:0.800000,34[&def="genemark-DS113489-processed-gene-0.56-mRNA-1",cid=c994,aka=c994]:0.800000,35[&def="genemark-DS113226-processed-gene-1.23-mRNA-1",cid=c1026,aka=c1026]:0.800000,(((803[&def="genemark-DS114481-processed-gene-0.11-mRNA-1",cid=c1811,aka=c1811]:0.000000,804[&def="genemark-DS113796-processed-gene-0.32-mRNA-1",cid=c1812,aka=c1812]:0.000000)c1658[&cid=c1658,aka=c1658]:0.600000,699[&def="genemark-DS113281-processed-gene-0.43-mRNA-1",cid=c1657,aka=c1657]:0.600000)c1225[&cid=c1225,aka=c1225]:0.700000,304[&def="genemark-DS113409-processed-gene-0.49-mRNA-1",cid=c1224,aka=c1224]:0.700000)c1158[&cid=c1158,aka=c1158]:0.800000,36[&def="augustus_masked-DS113746-processed-gene-0.5-mRNA-1",cid=c847,aka=c847]:0.800000,37[&def="genemark-DS113744-processed-gene-0.23-mRNA-1",cid=c833,aka=c833]:0.800000,(305[&def="augustus_masked-DS113532-processed-gene-0.3-mRNA-1",cid=c1226,aka=c1226]:0.700000,(700[&def="snap_masked-DS113185-processed-gene-2.83-mRNA-1",cid=c1682,aka=c1682]:0.600000,701[&def="augustus_masked-DS114002-processed-gene-0.0-mRNA-1",cid=c1681,aka=c1681]:0.600000,702[&def="augustus_masked-DS113240-processed-gene-0.20-mRNA-1",cid=c1680,aka=c1680]:0.600000)c1227[&cid=c1227,aka=c1227]:0.700000)c1145[&cid=c1145,aka=c1145]:0.800000,38[&def="maker-DS113680-snap-gene-0.39-mRNA-1",cid=c919,aka=c919]:0.800000,39[&def="genemark-DS113359-processed-gene-0.59-mRNA-1",cid=c999,aka=c999]:0.800000,40[&def="genemark-DS113704-processed-gene-0.33-mRNA-1",cid=c1086,aka=c1086]:0.800000,41[&def="augustus_masked-DS113259-processed-gene-0.7-mRNA-1",cid=c987,aka=c987]:0.800000,42[&def="augustus_masked-DS113821-processed-gene-0.1-mRNA-1",cid=c1015,aka=c1015]:0.800000,43[&def="genemark-DS113465-processed-gene-0.34-mRNA-1",cid=c946,aka=c946]:0.800000,44[&def="genemark-DS113707-processed-gene-0.11-mRNA-1",cid=c971,aka=c971]:0.800000,45[&def="genemark-DS113720-processed-gene-0.10-mRNA-1",cid=c1069,aka=c1069]:0.800000,(306[&def="augustus_masked-DS113292-processed-gene-0.0-mRNA-1",cid=c1228,aka=c1228]:0.700000,307[&def="augustus_masked-DS114294-processed-gene-0.0-mRNA-1",cid=c1230,aka=c1230]:0.700000,308[&def="augustus_masked-DS114092-processed-gene-0.1-mRNA-1",cid=c1229,aka=c1229]:0.700000)c1129[&cid=c1129,aka=c1129]:0.800000,(309[&def="genemark-DS113467-processed-gene-0.26-mRNA-1",cid=c1618,aka=c1618]:0.600000,310[&def="augustus_masked-DS113248-processed-gene-0.9-mRNA-1",cid=c1619,aka=c1619]:0.600000)c1156[&cid=c1156,aka=c1156]:0.800000,46[&def="augustus_masked-DS113345-processed-gene-0.5-mRNA-1",cid=c1030,aka=c1030]:0.800000,47[&def="genemark-DS113281-processed-gene-0.42-mRNA-1",cid=c925,aka=c925]:0.800000,48[&def="genemark-DS113201-processed-gene-0.23-mRNA-1",cid=c1022,aka=c1022]:0.800000,49[&def="genemark-DS113450-processed-gene-0.35-mRNA-1",cid=c881,aka=c881]:0.800000,50[&def="genemark-DS113345-processed-gene-0.44-mRNA-1",cid=c906,aka=c906]:0.800000,51[&def="snap_masked-DS113435-processed-gene-0.78-mRNA-1",cid=c852,aka=c852]:0.800000,52[&def="genemark-DS113323-processed-gene-0.82-mRNA-1",cid=c1053,aka=c1053]:0.800000,53[&def="augustus_masked-DS113391-processed-gene-0.3-mRNA-1",cid=c929,aka=c929]:0.800000,54[&def="genemark-DS113191-processed-gene-2.87-mRNA-1",cid=c903,aka=c903]:0.800000,(311[&def="genemark-DS113459-processed-gene-0.46-mRNA-1",cid=c1677,aka=c1677]:0.600000,312[&def="genemark-DS113227-processed-gene-0.27-mRNA-1",cid=c1675,aka=c1675]:0.600000,313[&def="genemark-DS113372-processed-gene-0.14-mRNA-1",cid=c1676,aka=c1676]:0.600000)c1176[&cid=c1176,aka=c1176]:0.800000,55[&def="genemark-DS113862-processed-gene-0.7-mRNA-1",cid=c992,aka=c992]:0.800000,56[&def="augustus_masked-DS113373-processed-gene-0.14-mRNA-1",cid=c921,aka=c921]:0.800000,57[&def="genemark-DS113331-processed-gene-0.64-mRNA-1",cid=c870,aka=c870]:0.800000,58[&def="genemark-DS113469-processed-gene-0.42-mRNA-1",cid=c1081,aka=c1081]:0.800000,59[&def="genemark-DS113558-processed-gene-0.19-mRNA-1",cid=c875,aka=c875]:0.800000,(314[&def="genemark-DS115188-processed-gene-0.5-mRNA-1",cid=c1231,aka=c1231]:0.700000,(703[&def="augustus_masked-DS113342-processed-gene-0.7-mRNA-1",cid=c1707,aka=c1707]:0.600000,704[&def="genemark-DS113416-processed-gene-0.60-mRNA-1",cid=c1706,aka=c1706]:0.600000)c1232[&cid=c1232,aka=c1232]:0.700000)c1139[&cid=c1139,aka=c1139]:0.800000,60[&def="genemark-DS115054-processed-gene-0.2-mRNA-1",cid=c935,aka=c935]:0.800000,((705[&def="augustus_masked-DS113412-processed-gene-0.17-mRNA-1",cid=c1753,aka=c1753]:0.500000,706[&def="snap_masked-DS113738-processed-gene-0.38-mRNA-1",cid=c1754,aka=c1754]:0.500000)c1235[&cid=c1235,aka=c1235]:0.700000,315[&def="snap_masked-DS113514-processed-gene-0.58-mRNA-1",cid=c1233,aka=c1233]:0.700000,316[&def="genemark-DS114207-processed-gene-0.9-mRNA-1",cid=c1234,aka=c1234]:0.700000)c1160[&cid=c1160,aka=c1160]:0.800000,61[&def="augustus_masked-DS113275-processed-gene-0.32-mRNA-1",cid=c1045,aka=c1045]:0.800000,(317[&def="augustus_masked-DS113364-processed-gene-0.1-mRNA-1",cid=c1236,aka=c1236]:0.700000,318[&def="augustus_masked-DS113276-processed-gene-0.16-mRNA-1",cid=c1237,aka=c1237]:0.700000)c1171[&cid=c1171,aka=c1171]:0.800000,(319[&def="augustus_masked-DS113396-processed-gene-0.0-mRNA-1",cid=c1238,aka=c1238]:0.700000,320[&def="augustus_masked-DS113286-processed-gene-0.10-mRNA-1",cid=c1239,aka=c1239]:0.700000)c1110[&cid=c1110,aka=c1110]:0.800000,62[&def="genemark-DS113348-processed-gene-0.67-mRNA-1",cid=c1058,aka=c1058]:0.800000,63[&def="snap_masked-DS113440-processed-gene-0.52-mRNA-1",cid=c863,aka=c863]:0.800000,64[&def="genemark-DS113552-processed-gene-0.26-mRNA-1",cid=c965,aka=c965]:0.800000,((707[&def="genemark-DS114466-processed-gene-0.11-mRNA-1",cid=c1802,aka=c1802]:0.200000,708[&def="snap_masked-DS113210-processed-gene-1.111-mRNA-1",cid=c1801,aka=c1801]:0.200000)c1684[&cid=c1684,aka=c1684]:0.600000,321[&def="genemark-DS113257-processed-gene-0.102-mRNA-1",cid=c1683,aka=c1683]:0.600000)c1154[&cid=c1154,aka=c1154]:0.800000,(322[&def="augustus_masked-DS113215-processed-gene-1.5-mRNA-1",cid=c1240,aka=c1240]:0.700000,323[&def="genemark-DS113512-processed-gene-0.13-mRNA-1",cid=c1241,aka=c1241]:0.700000)c1164[&cid=c1164,aka=c1164]:0.800000,65[&def="augustus_masked-DS113183-processed-gene-3.6-mRNA-1",cid=c827,aka=c827]:0.800000,66[&def="genemark-DS113348-processed-gene-0.24-mRNA-1",cid=c1013,aka=c1013]:0.800000,(324[&def="genemark-DS113351-processed-gene-0.40-mRNA-1",cid=c1242,aka=c1242]:0.700000,(709[&def="genemark-DS113275-processed-gene-0.70-mRNA-1",cid=c1662,aka=c1662]:0.600000,710[&def="augustus_masked-DS113418-processed-gene-0.13-mRNA-1",cid=c1661,aka=c1661]:0.600000)c1245[&cid=c1245,aka=c1245]:0.700000,325[&def="augustus_masked-DS113643-processed-gene-0.9-mRNA-1",cid=c1244,aka=c1244]:0.700000,326[&def="augustus_masked-DS113769-processed-gene-0.1-mRNA-1",cid=c1243,aka=c1243]:0.700000)c1151[&cid=c1151,aka=c1151]:0.800000,(327[&def="genemark-DS113676-processed-gene-0.8-mRNA-1",cid=c1345,aka=c1345]:0.700000,328[&def="genemark-DS113219-processed-gene-1.60-mRNA-1",cid=c1352,aka=c1352]:0.700000,(711[&def="augustus_masked-DS113182-processed-gene-1.59-mRNA-1",cid=c1665,aka=c1665]:0.600000,712[&def="genemark-DS113255-processed-gene-0.52-mRNA-1",cid=c1666,aka=c1666]:0.600000)c1390[&cid=c1390,aka=c1390]:0.700000,329[&def="augustus_masked-DS118263-processed-gene-0.0-mRNA-1",cid=c1375,aka=c1375]:0.700000,(713[&def="genemark-DS113911-processed-gene-0.13-mRNA-1",cid=c1668,aka=c1668]:0.600000,714[&def="genemark-DS113252-processed-gene-0.73-mRNA-1",cid=c1667,aka=c1667]:0.600000)c1385[&cid=c1385,aka=c1385]:0.700000,330[&def="augustus_masked-DS113359-processed-gene-0.10-mRNA-1",cid=c1253,aka=c1253]:0.700000,331[&def="genemark-DS113325-processed-gene-0.34-mRNA-1",cid=c1293,aka=c1293]:0.700000,332[&def="genemark-DS115094-processed-gene-0.3-mRNA-1",cid=c1363,aka=c1363]:0.700000,333[&def="augustus_masked-DS113705-processed-gene-0.6-mRNA-1",cid=c1306,aka=c1306]:0.700000,334[&def="genemark-DS113510-processed-gene-0.49-mRNA-1",cid=c1336,aka=c1336]:0.700000,335[&def="augustus_masked-DS113181-processed-gene-1.47-mRNA-1",cid=c1289,aka=c1289]:0.700000,336[&def="genemark-DS113791-processed-gene-0.34-mRNA-1",cid=c1321,aka=c1321]:0.700000,337[&def="genemark-DS113838-processed-gene-0.19-mRNA-1",cid=c1266,aka=c1266]:0.700000,338[&def="genemark-DS113275-processed-gene-0.83-mRNA-1",cid=c1255,aka=c1255]:0.700000,339[&def="genemark-DS113552-processed-gene-0.11-mRNA-1",cid=c1247,aka=c1247]:0.700000,340[&def="genemark-DS114226-processed-gene-0.10-mRNA-1",cid=c1312,aka=c1312]:0.700000,(715[&def="augustus_masked-DS113202-processed-gene-1.20-mRNA-1",cid=c1722,aka=c1722]:0.500000,716[&def="snap_masked-DS113200-processed-gene-1.153-mRNA-1",cid=c1721,aka=c1721]:0.500000)c1404[&cid=c1404,aka=c1404]:0.700000,341[&def="genemark-DS113418-processed-gene-0.53-mRNA-1",cid=c1380,aka=c1380]:0.700000,(717[&def="genemark-DS113202-processed-gene-0.52-mRNA-1",cid=c1735,aka=c1735]:0.500000,718[&def="augustus_masked-DS113203-processed-gene-0.7-mRNA-1",cid=c1736,aka=c1736]:0.500000)c1406[&cid=c1406,aka=c1406]:0.700000,342[&def="genemark-DS113188-processed-gene-1.21-mRNA-1",cid=c1333,aka=c1333]:0.700000,343[&def="genemark-DS113317-processed-gene-0.37-mRNA-1",cid=c1325,aka=c1325]:0.700000,344[&def="genemark-DS113606-processed-gene-0.47-mRNA-1",cid=c1349,aka=c1349]:0.700000,345[&def="augustus_masked-DS113237-processed-gene-0.2-mRNA-1",cid=c1269,aka=c1269]:0.700000,346[&def="genemark-DS113237-processed-gene-0.34-mRNA-1",cid=c1310,aka=c1310]:0.700000,347[&def="genemark-DS113177-processed-gene-4.103-mRNA-1",cid=c1260,aka=c1260]:0.700000,348[&def="augustus_masked-DS113757-processed-gene-0.7-mRNA-1",cid=c1303,aka=c1303]:0.700000,(719[&def="genemark-DS113276-processed-gene-0.53-mRNA-1",cid=c1700,aka=c1700]:0.600000,720[&def="genemark-DS113807-processed-gene-0.28-mRNA-1",cid=c1699,aka=c1699]:0.600000)c1396[&cid=c1396,aka=c1396]:0.700000,349[&def="augustus_masked-DS113225-processed-gene-1.21-mRNA-1",cid=c1382,aka=c1382]:0.700000,350[&def="augustus_masked-DS113214-processed-gene-1.65-mRNA-1",cid=c1329,aka=c1329]:0.700000,351[&def="genemark-DS113281-processed-gene-0.95-mRNA-1",cid=c1361,aka=c1361]:0.700000,352[&def="genemark-DS113613-processed-gene-0.28-mRNA-1",cid=c1318,aka=c1318]:0.700000,353[&def="genemark-DS113241-processed-gene-0.48-mRNA-1",cid=c1367,aka=c1367]:0.700000,(721[&def="augustus_masked-DS113536-processed-gene-0.2-mRNA-1",cid=c1670,aka=c1670]:0.600000,722[&def="genemark-DS113406-processed-gene-0.35-mRNA-1",cid=c1669,aka=c1669]:0.600000)c1398[&cid=c1398,aka=c1398]:0.700000,354[&def="genemark-DS113626-processed-gene-0.13-mRNA-1",cid=c1347,aka=c1347]:0.700000,355[&def="genemark-DS114130-processed-gene-0.3-mRNA-1",cid=c1379,aka=c1379]:0.700000,356[&def="augustus_masked-DS113185-processed-gene-3.14-mRNA-1",cid=c1268,aka=c1268]:0.700000,357[&def="augustus_masked-DS113260-processed-gene-0.4-mRNA-1",cid=c1280,aka=c1280]:0.700000,358[&def="genemark-DS113643-processed-gene-0.33-mRNA-1",cid=c1262,aka=c1262]:0.700000,359[&def="genemark-DS114427-processed-gene-0.9-mRNA-1",cid=c1341,aka=c1341]:0.700000,360[&def="genemark-DS113538-processed-gene-0.31-mRNA-1",cid=c1308,aka=c1308]:0.700000,361[&def="genemark-DS113787-processed-gene-0.29-mRNA-1",cid=c1257,aka=c1257]:0.700000,362[&def="genemark-DS113840-processed-gene-0.12-mRNA-1",cid=c1340,aka=c1340]:0.700000,363[&def="augustus_masked-DS113376-processed-gene-0.4-mRNA-1",cid=c1278,aka=c1278]:0.700000,(723[&def="genemark-DS113282-processed-gene-0.76-mRNA-1",cid=c1611,aka=c1611]:0.600000,724[&def="genemark-DS113388-processed-gene-0.35-mRNA-1",cid=c1610,aka=c1610]:0.600000)c1395[&cid=c1395,aka=c1395]:0.700000,364[&def="genemark-DS113563-processed-gene-0.35-mRNA-1",cid=c1376,aka=c1376]:0.700000,365[&def="augustus_masked-DS114168-processed-gene-0.5-mRNA-1",cid=c1305,aka=c1305]:0.700000,366[&def="maker-DS114322-snap-gene-0.17-mRNA-1",cid=c1285,aka=c1285]:0.700000,(725[&def="maker-DS113243-snap-gene-0.138-mRNA-1",cid=c1704,aka=c1704]:0.600000,726[&def="snap_masked-DS113720-processed-gene-0.37-mRNA-1",cid=c1705,aka=c1705]:0.600000,727[&def="augustus_masked-DS113833-processed-gene-0.7-mRNA-1",cid=c1703,aka=c1703]:0.600000)c1387[&cid=c1387,aka=c1387]:0.700000,(728[&def="genemark-DS113267-processed-gene-0.98-mRNA-1",cid=c1641,aka=c1641]:0.600000,729[&def="genemark-DS113225-processed-gene-0.31-mRNA-1",cid=c1642,aka=c1642]:0.600000)c1402[&cid=c1402,aka=c1402]:0.700000,367[&def="genemark-DS113845-processed-gene-0.15-mRNA-1",cid=c1338,aka=c1338]:0.700000,368[&def="genemark-DS113195-processed-gene-1.66-mRNA-1",cid=c1350,aka=c1350]:0.700000,369[&def="augustus_masked-DS113231-processed-gene-1.17-mRNA-1",cid=c1259,aka=c1259]:0.700000,370[&def="augustus_masked-DS113351-processed-gene-0.6-mRNA-1",cid=c1288,aka=c1288]:0.700000,(730[&def="genemark-DS114005-processed-gene-0.23-mRNA-1",cid=c1672,aka=c1672]:0.600000,731[&def="augustus_masked-DS113494-processed-gene-0.2-mRNA-1",cid=c1671,aka=c1671]:0.600000)c1400[&cid=c1400,aka=c1400]:0.700000,371[&def="augustus_masked-DS113214-processed-gene-0.10-mRNA-1",cid=c1342,aka=c1342]:0.700000,372[&def="augustus_masked-DS113266-processed-gene-0.32-mRNA-1",cid=c1317,aka=c1317]:0.700000,373[&def="genemark-DS113304-processed-gene-0.44-mRNA-1",cid=c1267,aka=c1267]:0.700000,374[&def="augustus_masked-DS113504-processed-gene-0.5-mRNA-1",cid=c1354,aka=c1354]:0.700000,375[&def="genemark-DS113672-processed-gene-0.25-mRNA-1",cid=c1286,aka=c1286]:0.700000,376[&def="genemark-DS113475-processed-gene-0.34-mRNA-1",cid=c1365,aka=c1365]:0.700000,377[&def="maker-DS113200-augustus-gene-0.54-mRNA-1",cid=c1283,aka=c1283]:0.700000,378[&def="augustus_masked-DS113267-processed-gene-0.20-mRNA-1",cid=c1381,aka=c1381]:0.700000,379[&def="snap_masked-DS113235-processed-gene-0.61-mRNA-1",cid=c1370,aka=c1370]:0.700000,(732[&def="genemark-DS113385-processed-gene-0.48-mRNA-1",cid=c1616,aka=c1616]:0.600000,733[&def="augustus_masked-DS113782-processed-gene-0.1-mRNA-1",cid=c1617,aka=c1617]:0.600000)c1389[&cid=c1389,aka=c1389]:0.700000,380[&def="genemark-DS113184-processed-gene-3.58-mRNA-1",cid=c1284,aka=c1284]:0.700000,381[&def="genemark-DS113232-processed-gene-1.25-mRNA-1",cid=c1296,aka=c1296]:0.700000,382[&def="genemark-DS113507-processed-gene-0.22-mRNA-1",cid=c1263,aka=c1263]:0.700000,383[&def="genemark-DS113333-processed-gene-0.53-mRNA-1",cid=c1316,aka=c1316]:0.700000,384[&def="augustus_masked-DS113240-processed-gene-0.0-mRNA-1",cid=c1276,aka=c1276]:0.700000,385[&def="genemark-DS113223-processed-gene-1.46-mRNA-1",cid=c1344,aka=c1344]:0.700000,(734[&def="genemark-DS113356-processed-gene-0.35-mRNA-1",cid=c1643,aka=c1643]:0.600000,735[&def="genemark-DS113616-processed-gene-0.11-mRNA-1",cid=c1644,aka=c1644]:0.600000)c1392[&cid=c1392,aka=c1392]:0.700000,(736[&def="genemark-DS113828-processed-gene-0.7-mRNA-1",cid=c1674,aka=c1674]:0.600000,737[&def="genemark-DS113238-processed-gene-0.34-mRNA-1",cid=c1673,aka=c1673]:0.600000)c1384[&cid=c1384,aka=c1384]:0.700000,386[&def="genemark-DS113178-processed-gene-1.36-mRNA-1",cid=c1309,aka=c1309]:0.700000,387[&def="augustus_masked-DS113479-processed-gene-0.4-mRNA-1",cid=c1300,aka=c1300]:0.700000,388[&def="genemark-DS113489-processed-gene-0.37-mRNA-1",cid=c1261,aka=c1261]:0.700000,389[&def="genemark-DS113235-processed-gene-1.25-mRNA-1",cid=c1335,aka=c1335]:0.700000,390[&def="augustus_masked-DS113222-processed-gene-1.8-mRNA-1",cid=c1254,aka=c1254]:0.700000,391[&def="genemark-DS113661-processed-gene-0.25-mRNA-1",cid=c1252,aka=c1252]:0.700000,392[&def="genemark-DS113241-processed-gene-0.83-mRNA-1",cid=c1271,aka=c1271]:0.700000,393[&def="augustus_masked-DS113630-processed-gene-0.4-mRNA-1",cid=c1320,aka=c1320]:0.700000,394[&def="augustus_masked-DS113422-processed-gene-0.10-mRNA-1",cid=c1291,aka=c1291]:0.700000,395[&def="genemark-DS113588-processed-gene-0.26-mRNA-1",cid=c1246,aka=c1246]:0.700000,396[&def="genemark-DS113281-processed-gene-0.50-mRNA-1",cid=c1298,aka=c1298]:0.700000,397[&def="genemark-DS113403-processed-gene-0.22-mRNA-1",cid=c1281,aka=c1281]:0.700000,398[&def="genemark-DS113985-processed-gene-0.10-mRNA-1",cid=c1323,aka=c1323]:0.700000,399[&def="maker-DS113477-augustus-gene-0.59-mRNA-1",cid=c1359,aka=c1359]:0.700000,400[&def="genemark-DS113277-processed-gene-0.66-mRNA-1",cid=c1314,aka=c1314]:0.700000,401[&def="augustus_masked-DS113713-processed-gene-0.0-mRNA-1",cid=c1332,aka=c1332]:0.700000,402[&def="augustus_masked-DS113573-processed-gene-0.10-mRNA-1",cid=c1319,aka=c1319]:0.700000,403[&def="genemark-DS113186-processed-gene-3.21-mRNA-1",cid=c1368,aka=c1368]:0.700000,404[&def="augustus_masked-DS113177-processed-gene-2.13-mRNA-1",cid=c1277,aka=c1277]:0.700000,(738[&def="genemark-DS113518-processed-gene-0.45-mRNA-1",cid=c1649,aka=c1649]:0.600000,739[&def="snap_masked-DS113924-processed-gene-0.42-mRNA-1",cid=c1650,aka=c1650]:0.600000)c1399[&cid=c1399,aka=c1399]:0.700000,405[&def="genemark-DS114159-processed-gene-0.6-mRNA-1",cid=c1258,aka=c1258]:0.700000,406[&def="genemark-DS113692-processed-gene-0.13-mRNA-1",cid=c1302,aka=c1302]:0.700000,407[&def="augustus_masked-DS113735-processed-gene-0.2-mRNA-1",cid=c1360,aka=c1360]:0.700000,408[&def="genemark-DS113947-processed-gene-0.20-mRNA-1",cid=c1337,aka=c1337]:0.700000,409[&def="snap_masked-DS113757-processed-gene-0.40-mRNA-1",cid=c1353,aka=c1353]:0.700000,410[&def="augustus_masked-DS113656-processed-gene-0.7-mRNA-1",cid=c1250,aka=c1250]:0.700000,((805[&def="maker-DS114086-snap-gene-0.27-mRNA-1",cid=c1791,aka=c1791]:0.200000,806[&def="maker-DS114221-snap-gene-0.19-mRNA-1",cid=c1792,aka=c1792]:0.200000)c1686[&cid=c1686,aka=c1686]:0.600000,740[&def="genemark-DS114330-processed-gene-0.11-mRNA-1",cid=c1685,aka=c1685]:0.600000)c1391[&cid=c1391,aka=c1391]:0.700000,411[&def="augustus_masked-DS113493-processed-gene-0.7-mRNA-1",cid=c1366,aka=c1366]:0.700000,412[&def="augustus_masked-DS113308-processed-gene-0.7-mRNA-1",cid=c1328,aka=c1328]:0.700000,(741[&def="augustus_masked-DS113367-processed-gene-0.0-mRNA-1",cid=c1620,aka=c1620]:0.600000,742[&def="augustus_masked-DS113332-processed-gene-0.20-mRNA-1",cid=c1621,aka=c1621]:0.600000,((820[&def="augustus_masked-DS113448-processed-gene-0.20-mRNA-1",cid=c1789,aka=c1789]:0.200000,821[&def="augustus_masked-DS114273-processed-gene-0.2-mRNA-1",cid=c1790,aka=c1790]:0.200000)c1748[&cid=c1748,aka=c1748]:0.500000,807[&def="genemark-DS113525-processed-gene-0.32-mRNA-1",cid=c1747,aka=c1747]:0.500000)c1622[&cid=c1622,aka=c1622]:0.600000)c1403[&cid=c1403,aka=c1403]:0.700000,413[&def="genemark-DS113366-processed-gene-0.19-mRNA-1",cid=c1290,aka=c1290]:0.700000,(743[&def="augustus_masked-DS113316-processed-gene-0.8-mRNA-1",cid=c1654,aka=c1654]:0.600000,744[&def="augustus_masked-DS113769-processed-gene-0.4-mRNA-1",cid=c1653,aka=c1653]:0.600000,745[&def="genemark-DS113330-processed-gene-0.13-mRNA-1",cid=c1651,aka=c1651]:0.600000,746[&def="augustus_masked-DS113478-processed-gene-0.5-mRNA-1",cid=c1652,aka=c1652]:0.600000)c1383[&cid=c1383,aka=c1383]:0.700000,414[&def="augustus_masked-DS113217-processed-gene-1.8-mRNA-1",cid=c1256,aka=c1256]:0.700000,415[&def="genemark-DS113206-processed-gene-1.78-mRNA-1",cid=c1273,aka=c1273]:0.700000,(747[&def="augustus_masked-DS113487-processed-gene-0.9-mRNA-1",cid=c1656,aka=c1656]:0.600000,748[&def="augustus_masked-DS113416-processed-gene-0.0-mRNA-1",cid=c1655,aka=c1655]:0.600000)c1405[&cid=c1405,aka=c1405]:0.700000,416[&def="genemark-DS113409-processed-gene-0.42-mRNA-1",cid=c1294,aka=c1294]:0.700000,417[&def="maker-DS113201-augustus-gene-1.173-mRNA-1",cid=c1377,aka=c1377]:0.700000,418[&def="augustus_masked-DS113994-processed-gene-0.0-mRNA-1",cid=c1357,aka=c1357]:0.700000,419[&def="genemark-DS113347-processed-gene-0.70-mRNA-1",cid=c1249,aka=c1249]:0.700000,420[&def="snap_masked-DS114253-processed-gene-0.21-mRNA-1",cid=c1327,aka=c1327]:0.700000,421[&def="augustus_masked-DS113722-processed-gene-0.3-mRNA-1",cid=c1307,aka=c1307]:0.700000,422[&def="genemark-DS113502-processed-gene-0.30-mRNA-1",cid=c1313,aka=c1313]:0.700000,423[&def="genemark-DS113194-processed-gene-1.35-mRNA-1",cid=c1324,aka=c1324]:0.700000,424[&def="genemark-DS113641-processed-gene-0.29-mRNA-1",cid=c1282,aka=c1282]:0.700000,425[&def="genemark-DS113183-processed-gene-2.39-mRNA-1",cid=c1373,aka=c1373]:0.700000,(749[&def="augustus_masked-DS113485-processed-gene-0.15-mRNA-1",cid=c1809,aka=c1809]:0.000000,750[&def="augustus_masked-DS113371-processed-gene-0.11-mRNA-1",cid=c1810,aka=c1810]:0.000000)c1397[&cid=c1397,aka=c1397]:0.700000,(751[&def="genemark-DS113259-processed-gene-0.57-mRNA-1",cid=c1626,aka=c1626]:0.600000,752[&def="augustus_masked-DS113225-processed-gene-1.11-mRNA-1",cid=c1625,aka=c1625]:0.600000)c1401[&cid=c1401,aka=c1401]:0.700000,(753[&def="genemark-DS113341-processed-gene-0.72-mRNA-1",cid=c1714,aka=c1714]:0.600000,754[&def="genemark-DS113402-processed-gene-0.26-mRNA-1",cid=c1713,aka=c1713]:0.600000)c1394[&cid=c1394,aka=c1394]:0.700000,426[&def="snap_masked-DS113749-processed-gene-0.39-mRNA-1",cid=c1311,aka=c1311]:0.700000,427[&def="genemark-DS114145-processed-gene-0.8-mRNA-1",cid=c1362,aka=c1362]:0.700000,428[&def="augustus_masked-DS113300-processed-gene-0.6-mRNA-1",cid=c1339,aka=c1339]:0.700000,429[&def="augustus_masked-DS113212-processed-gene-1.15-mRNA-1",cid=c1295,aka=c1295]:0.700000,430[&def="maker-DS113785-snap-gene-0.48-mRNA-1",cid=c1330,aka=c1330]:0.700000,431[&def="augustus_masked-DS113205-processed-gene-0.18-mRNA-1",cid=c1297,aka=c1297]:0.700000,432[&def="genemark-DS114257-processed-gene-0.11-mRNA-1",cid=c1301,aka=c1301]:0.700000,433[&def="genemark-DS115407-processed-gene-0.1-mRNA-1",cid=c1348,aka=c1348]:0.700000,434[&def="genemark-DS113704-processed-gene-0.12-mRNA-1",cid=c1275,aka=c1275]:0.700000,435[&def="augustus_masked-DS113255-processed-gene-0.11-mRNA-1",cid=c1372,aka=c1372]:0.700000,436[&def="genemark-DS113712-processed-gene-0.20-mRNA-1",cid=c1355,aka=c1355]:0.700000,437[&def="augustus_masked-DS113522-processed-gene-0.14-mRNA-1",cid=c1265,aka=c1265]:0.700000,438[&def="genemark-DS113854-processed-gene-0.29-mRNA-1",cid=c1346,aka=c1346]:0.700000,439[&def="genemark-DS113216-processed-gene-0.46-mRNA-1",cid=c1371,aka=c1371]:0.700000,440[&def="augustus_masked-DS113987-processed-gene-0.2-mRNA-1",cid=c1304,aka=c1304]:0.700000,441[&def="augustus_masked-DS113185-processed-gene-3.16-mRNA-1",cid=c1356,aka=c1356]:0.700000,442[&def="augustus_masked-DS113412-processed-gene-0.19-mRNA-1",cid=c1334,aka=c1334]:0.700000,443[&def="augustus_masked-DS113214-processed-gene-0.2-mRNA-1",cid=c1351,aka=c1351]:0.700000,444[&def="genemark-DS113233-processed-gene-1.51-mRNA-1",cid=c1264,aka=c1264]:0.700000,(755[&def="augustus_masked-DS113253-processed-gene-0.7-mRNA-1",cid=c1728,aka=c1728]:0.500000,756[&def="genemark-DS113381-processed-gene-0.63-mRNA-1",cid=c1729,aka=c1729]:0.500000)c1393[&cid=c1393,aka=c1393]:0.700000,(757[&def="augustus_masked-DS113894-processed-gene-0.9-mRNA-1",cid=c1633,aka=c1633]:0.600000,758[&def="snap_masked-DS113262-processed-gene-0.103-mRNA-1",cid=c1634,aka=c1634]:0.600000)c1386[&cid=c1386,aka=c1386]:0.700000,445[&def="augustus_masked-DS113264-processed-gene-0.29-mRNA-1",cid=c1322,aka=c1322]:0.700000,446[&def="genemark-DS113724-processed-gene-0.17-mRNA-1",cid=c1292,aka=c1292]:0.700000,447[&def="genemark-DS113210-processed-gene-0.18-mRNA-1",cid=c1331,aka=c1331]:0.700000,448[&def="genemark-DS113898-processed-gene-0.16-mRNA-1",cid=c1299,aka=c1299]:0.700000,449[&def="augustus_masked-DS113257-processed-gene-0.37-mRNA-1",cid=c1287,aka=c1287]:0.700000,(759[&def="genemark-DS113810-processed-gene-0.12-mRNA-1",cid=c1663,aka=c1663]:0.600000,760[&def="augustus_masked-DS114036-processed-gene-0.5-mRNA-1",cid=c1664,aka=c1664]:0.600000)c1388[&cid=c1388,aka=c1388]:0.700000,450[&def="genemark-DS113191-processed-gene-2.83-mRNA-1",cid=c1274,aka=c1274]:0.700000,451[&def="genemark-DS113484-processed-gene-0.16-mRNA-1",cid=c1315,aka=c1315]:0.700000,452[&def="genemark-DS113465-processed-gene-0.20-mRNA-1",cid=c1272,aka=c1272]:0.700000,453[&def="augustus_masked-DS113291-processed-gene-0.3-mRNA-1",cid=c1378,aka=c1378]:0.700000,454[&def="augustus_masked-DS113301-processed-gene-0.30-mRNA-1",cid=c1248,aka=c1248]:0.700000,455[&def="augustus_masked-DS113222-processed-gene-1.24-mRNA-1",cid=c1270,aka=c1270]:0.700000,456[&def="genemark-DS113288-processed-gene-0.32-mRNA-1",cid=c1279,aka=c1279]:0.700000,457[&def="augustus_masked-DS113200-processed-gene-0.5-mRNA-1",cid=c1374,aka=c1374]:0.700000,458[&def="genemark-DS113287-processed-gene-0.26-mRNA-1",cid=c1364,aka=c1364]:0.700000,459[&def="genemark-DS113178-processed-gene-4.37-mRNA-1",cid=c1358,aka=c1358]:0.700000,460[&def="snap_masked-DS113355-processed-gene-0.91-mRNA-1",cid=c1326,aka=c1326]:0.700000,461[&def="genemark-DS113526-processed-gene-0.40-mRNA-1",cid=c1369,aka=c1369]:0.700000,462[&def="augustus_masked-DS113186-processed-gene-1.43-mRNA-1",cid=c1343,aka=c1343]:0.700000,463[&def="genemark-DS113771-processed-gene-0.29-mRNA-1",cid=c1251,aka=c1251]:0.700000)c1161[&cid=c1161,aka=c1161]:0.800000,67[&def="maker-DS114090-snap-gene-0.30-mRNA-1",cid=c1002,aka=c1002]:0.800000,68[&def="genemark-DS113478-processed-gene-0.30-mRNA-1",cid=c960,aka=c960]:0.800000,69[&def="augustus_masked-DS115248-processed-gene-0.0-mRNA-1",cid=c975,aka=c975]:0.800000,70[&def="augustus_masked-DS114075-processed-gene-0.4-mRNA-1",cid=c1041,aka=c1041]:0.800000,71[&def="augustus_masked-DS113427-processed-gene-0.11-mRNA-1",cid=c892,aka=c892]:0.800000,72[&def="genemark-DS113183-processed-gene-3.45-mRNA-1",cid=c1050,aka=c1050]:0.800000,73[&def="augustus_masked-DS113664-processed-gene-0.6-mRNA-1",cid=c1090,aka=c1090]:0.800000,(464[&def="augustus_masked-DS113763-processed-gene-0.0-mRNA-1",cid=c1777,aka=c1777]:0.400000,465[&def="augustus_masked-DS114680-processed-gene-0.0-mRNA-1",cid=c1778,aka=c1778]:0.400000)c1167[&cid=c1167,aka=c1167]:0.800000,(466[&def="augustus_masked-DS114454-processed-gene-0.3-mRNA-1",cid=c1409,aka=c1409]:0.700000,467[&def="augustus_masked-DS114169-processed-gene-0.1-mRNA-1",cid=c1407,aka=c1407]:0.700000,468[&def="snap_masked-DS114217-processed-gene-0.13-mRNA-1",cid=c1408,aka=c1408]:0.700000)c1111[&cid=c1111,aka=c1111]:0.800000,74[&def="augustus_masked-DS113459-processed-gene-0.4-mRNA-1",cid=c1031,aka=c1031]:0.800000,75[&def="genemark-DS113366-processed-gene-0.53-mRNA-1",cid=c897,aka=c897]:0.800000,(469[&def="genemark-DS113401-processed-gene-0.26-mRNA-1",cid=c1688,aka=c1688]:0.600000,470[&def="augustus_masked-DS114017-processed-gene-0.0-mRNA-1",cid=c1687,aka=c1687]:0.600000)c1105[&cid=c1105,aka=c1105]:0.800000,76[&def="genemark-DS113627-processed-gene-0.14-mRNA-1",cid=c1071,aka=c1071]:0.800000,77[&def="genemark-DS113280-processed-gene-0.44-mRNA-1",cid=c861,aka=c861]:0.800000,78[&def="genemark-DS113201-processed-gene-1.46-mRNA-1",cid=c1098,aka=c1098]:0.800000,79[&def="genemark-DS113680-processed-gene-0.6-mRNA-1",cid=c826,aka=c826]:0.800000,80[&def="snap_masked-DS113548-processed-gene-0.42-mRNA-1",cid=c1005,aka=c1005]:0.800000,(471[&def="snap_masked-DS113210-processed-gene-1.98-mRNA-1",cid=c1410,aka=c1410]:0.700000,472[&def="genemark-DS113208-processed-gene-1.26-mRNA-1",cid=c1411,aka=c1411]:0.700000)c1179[&cid=c1179,aka=c1179]:0.800000,81[&def="genemark-DS113269-processed-gene-0.102-mRNA-1",cid=c913,aka=c913]:0.800000,82[&def="augustus_masked-DS113645-processed-gene-0.13-mRNA-1",cid=c843,aka=c843]:0.800000,83[&def="genemark-DS113348-processed-gene-0.27-mRNA-1",cid=c868,aka=c868]:0.800000,84[&def="genemark-DS116332-processed-gene-0.0-mRNA-1",cid=c830,aka=c830]:0.800000,85[&def="augustus_masked-DS113669-processed-gene-0.6-mRNA-1",cid=c954,aka=c954]:0.800000,(473[&def="genemark-DS113359-processed-gene-0.63-mRNA-1",cid=c1412,aka=c1412]:0.700000,474[&def="augustus_masked-DS113399-processed-gene-0.18-mRNA-1",cid=c1413,aka=c1413]:0.700000)c1127[&cid=c1127,aka=c1127]:0.800000,86[&def="genemark-DS113490-processed-gene-0.8-mRNA-1",cid=c840,aka=c840]:0.800000,(475[&def="genemark-DS113523-processed-gene-0.17-mRNA-1",cid=c1414,aka=c1414]:0.700000,476[&def="augustus_masked-DS113721-processed-gene-0.6-mRNA-1",cid=c1415,aka=c1415]:0.700000)c1104[&cid=c1104,aka=c1104]:0.800000,(477[&def="augustus_masked-DS114090-processed-gene-0.4-mRNA-1",cid=c1416,aka=c1416]:0.700000,478[&def="augustus_masked-DS113628-processed-gene-0.6-mRNA-1",cid=c1417,aka=c1417]:0.700000)c1191[&cid=c1191,aka=c1191]:0.800000,(479[&def="genemark-DS113179-processed-gene-3.14-mRNA-1",cid=c1771,aka=c1771]:0.400000,480[&def="augustus_masked-DS114169-processed-gene-0.0-mRNA-1",cid=c1772,aka=c1772]:0.400000)c1140[&cid=c1140,aka=c1140]:0.800000,(481[&def="augustus_masked-DS113894-processed-gene-0.8-mRNA-1",cid=c1419,aka=c1419]:0.700000,482[&def="augustus_masked-DS113374-processed-gene-0.11-mRNA-1",cid=c1420,aka=c1420]:0.700000,483[&def="genemark-DS113229-processed-gene-1.70-mRNA-1",cid=c1422,aka=c1422]:0.700000,484[&def="augustus_masked-DS113483-processed-gene-0.6-mRNA-1",cid=c1421,aka=c1421]:0.700000,(761[&def="genemark-DS113558-processed-gene-0.35-mRNA-1",cid=c1614,aka=c1614]:0.600000,762[&def="augustus_masked-DS114168-processed-gene-0.3-mRNA-1",cid=c1615,aka=c1615]:0.600000)c1424[&cid=c1424,aka=c1424]:0.700000,(763[&def="augustus_masked-DS113292-processed-gene-0.4-mRNA-1",cid=c1630,aka=c1630]:0.600000,764[&def="augustus_masked-DS113437-processed-gene-0.6-mRNA-1",cid=c1631,aka=c1631]:0.600000,765[&def="snap_masked-DS113434-processed-gene-0.69-mRNA-1",cid=c1632,aka=c1632]:0.600000,766[&def="genemark-DS113337-processed-gene-0.31-mRNA-1",cid=c1629,aka=c1629]:0.600000)c1425[&cid=c1425,aka=c1425]:0.700000,485[&def="augustus_masked-DS113202-processed-gene-0.9-mRNA-1",cid=c1418,aka=c1418]:0.700000,486[&def="augustus_masked-DS113244-processed-gene-0.17-mRNA-1",cid=c1423,aka=c1423]:0.700000)c1198[&cid=c1198,aka=c1198]:0.800000,87[&def="augustus_masked-DS113179-processed-gene-1.13-mRNA-1",cid=c967,aka=c967]:0.800000,88[&def="augustus_masked-DS113285-processed-gene-0.18-mRNA-1",cid=c988,aka=c988]:0.800000,89[&def="genemark-DS113485-processed-gene-0.28-mRNA-1",cid=c1004,aka=c1004]:0.800000,90[&def="genemark-DS113264-processed-gene-0.80-mRNA-1",cid=c981,aka=c981]:0.800000,91[&def="genemark-DS113409-processed-gene-0.38-mRNA-1",cid=c1085,aka=c1085]:0.800000,92[&def="genemark-DS113329-processed-gene-0.28-mRNA-1",cid=c989,aka=c989]:0.800000,93[&def="snap_masked-DS113350-processed-gene-0.71-mRNA-1",cid=c930,aka=c930]:0.800000,94[&def="augustus_masked-DS113269-processed-gene-0.22-mRNA-1",cid=c958,aka=c958]:0.800000,(487[&def="genemark-DS114254-processed-gene-0.10-mRNA-1",cid=c1689,aka=c1689]:0.600000,488[&def="genemark-DS113698-processed-gene-0.7-mRNA-1",cid=c1690,aka=c1690]:0.600000)c1119[&cid=c1119,aka=c1119]:0.800000,(489[&def="genemark-DS113283-processed-gene-0.70-mRNA-1",cid=c1627,aka=c1627]:0.600000,490[&def="genemark-DS113504-processed-gene-0.34-mRNA-1",cid=c1628,aka=c1628]:0.600000)c1184[&cid=c1184,aka=c1184]:0.800000,95[&def="augustus_masked-DS113177-processed-gene-4.33-mRNA-1",cid=c883,aka=c883]:0.800000,(491[&def="augustus_masked-DS113401-processed-gene-0.4-mRNA-1",cid=c1440,aka=c1440]:0.700000,492[&def="augustus_masked-DS114048-processed-gene-0.6-mRNA-1",cid=c1435,aka=c1435]:0.700000,493[&def="augustus_masked-DS114185-processed-gene-0.8-mRNA-1",cid=c1442,aka=c1442]:0.700000,494[&def="augustus_masked-DS113236-processed-gene-0.9-mRNA-1",cid=c1436,aka=c1436]:0.700000,495[&def="genemark-DS114232-processed-gene-0.0-mRNA-1",cid=c1443,aka=c1443]:0.700000,496[&def="augustus_masked-DS114249-processed-gene-0.0-mRNA-1",cid=c1429,aka=c1429]:0.700000,497[&def="augustus_masked-DS115055-processed-gene-0.0-mRNA-1",cid=c1437,aka=c1437]:0.700000,498[&def="augustus_masked-DS113409-processed-gene-0.2-mRNA-1",cid=c1430,aka=c1430]:0.700000,499[&def="genemark-DS114048-processed-gene-0.17-mRNA-1",cid=c1426,aka=c1426]:0.700000,500[&def="maker-DS114172-snap-gene-0.20-mRNA-1",cid=c1434,aka=c1434]:0.700000,501[&def="augustus_masked-DS113527-processed-gene-0.4-mRNA-1",cid=c1431,aka=c1431]:0.700000,502[&def="augustus_masked-DS113325-processed-gene-0.9-mRNA-1",cid=c1444,aka=c1444]:0.700000,503[&def="augustus_masked-DS113344-processed-gene-0.7-mRNA-1",cid=c1441,aka=c1441]:0.700000,504[&def="augustus_masked-DS113677-processed-gene-0.11-mRNA-1",cid=c1433,aka=c1433]:0.700000,505[&def="snap_masked-DS114172-processed-gene-0.19-mRNA-1",cid=c1427,aka=c1427]:0.700000,506[&def="snap_masked-DS113817-processed-gene-0.30-mRNA-1",cid=c1432,aka=c1432]:0.700000,507[&def="genemark-DS114249-processed-gene-0.8-mRNA-1",cid=c1438,aka=c1438]:0.700000,508[&def="genemark-DS113743-processed-gene-0.7-mRNA-1",cid=c1439,aka=c1439]:0.700000,509[&def="genemark-DS113523-processed-gene-0.19-mRNA-1",cid=c1428,aka=c1428]:0.700000)c1173[&cid=c1173,aka=c1173]:0.800000,(510[&def="genemark-DS113543-processed-gene-0.29-mRNA-1",cid=c1786,aka=c1786]:0.300000,511[&def="genemark-DS115673-processed-gene-0.2-mRNA-1",cid=c1785,aka=c1785]:0.300000)c1114[&cid=c1114,aka=c1114]:0.800000,96[&def="genemark-DS113525-processed-gene-0.34-mRNA-1",cid=c886,aka=c886]:0.800000,97[&def="genemark-DS113497-processed-gene-0.58-mRNA-1",cid=c1025,aka=c1025]:0.800000,98[&def="augustus_masked-DS114131-processed-gene-0.3-mRNA-1",cid=c918,aka=c918]:0.800000,(512[&def="augustus_masked-DS113584-processed-gene-0.2-mRNA-1",cid=c1446,aka=c1446]:0.700000,513[&def="genemark-DS113212-processed-gene-1.48-mRNA-1",cid=c1445,aka=c1445]:0.700000)c1188[&cid=c1188,aka=c1188]:0.800000,99[&def="genemark-DS113938-processed-gene-0.15-mRNA-1",cid=c837,aka=c837]:0.800000,100[&def="augustus_masked-DS113327-processed-gene-0.4-mRNA-1",cid=c920,aka=c920]:0.800000,101[&def="genemark-DS113903-processed-gene-0.19-mRNA-1",cid=c945,aka=c945]:0.800000,(514[&def="genemark-DS113563-processed-gene-0.38-mRNA-1",cid=c1450,aka=c1450]:0.700000,515[&def="genemark-DS113369-processed-gene-0.44-mRNA-1",cid=c1449,aka=c1449]:0.700000)c1121[&cid=c1121,aka=c1121]:0.800000,102[&def="augustus_masked-DS113178-processed-gene-4.4-mRNA-1",cid=c865,aka=c865]:0.800000,(516[&def="augustus_masked-DS113677-processed-gene-0.7-mRNA-1",cid=c1447,aka=c1447]:0.700000,(767[&def="augustus_masked-DS113288-processed-gene-0.28-mRNA-1",cid=c1613,aka=c1613]:0.600000,768[&def="genemark-DS113668-processed-gene-0.14-mRNA-1",cid=c1612,aka=c1612]:0.600000)c1448[&cid=c1448,aka=c1448]:0.700000)c1183[&cid=c1183,aka=c1183]:0.800000,103[&def="genemark-DS113554-processed-gene-0.29-mRNA-1",cid=c1074,aka=c1074]:0.800000,104[&def="genemark-DS113236-processed-gene-0.34-mRNA-1",cid=c1063,aka=c1063]:0.800000,105[&def="genemark-DS114021-processed-gene-0.9-mRNA-1",cid=c880,aka=c880]:0.800000,106[&def="augustus_masked-DS113598-processed-gene-0.10-mRNA-1",cid=c1097,aka=c1097]:0.800000,((769[&def="augustus_masked-DS113714-processed-gene-0.6-mRNA-1",cid=c1607,aka=c1607]:0.600000,(808[&def="genemark-DS113245-processed-gene-0.45-mRNA-1",cid=c1755,aka=c1755]:0.500000,809[&def="augustus_masked-DS114186-processed-gene-0.7-mRNA-1",cid=c1756,aka=c1756]:0.500000)c1609[&cid=c1609,aka=c1609]:0.600000,770[&def="augustus_masked-DS113709-processed-gene-0.2-mRNA-1",cid=c1608,aka=c1608]:0.600000)c1452[&cid=c1452,aka=c1452]:0.700000,517[&def="augustus_masked-DS114558-processed-gene-0.0-mRNA-1",cid=c1451,aka=c1451]:0.700000)c1201[&cid=c1201,aka=c1201]:0.800000,107[&def="genemark-DS113197-processed-gene-1.25-mRNA-1",cid=c876,aka=c876]:0.800000,108[&def="augustus_masked-DS113286-processed-gene-0.29-mRNA-1",cid=c972,aka=c972]:0.800000,109[&def="genemark-DS113355-processed-gene-0.49-mRNA-1",cid=c853,aka=c853]:0.800000,((771[&def="augustus_masked-DS113846-processed-gene-0.5-mRNA-1",cid=c1758,aka=c1758]:0.500000,772[&def="augustus_masked-DS113886-processed-gene-0.3-mRNA-1",cid=c1757,aka=c1757]:0.500000)c1454[&cid=c1454,aka=c1454]:0.700000,518[&def="augustus_masked-DS113184-processed-gene-1.36-mRNA-1",cid=c1453,aka=c1453]:0.700000)c1187[&cid=c1187,aka=c1187]:0.800000,110[&def="maker-DS114021-augustus-gene-0.20-mRNA-1",cid=c858,aka=c858]:0.800000,111[&def="augustus_masked-DS113714-processed-gene-0.4-mRNA-1",cid=c1070,aka=c1070]:0.800000,112[&def="genemark-DS114185-processed-gene-0.12-mRNA-1",cid=c995,aka=c995]:0.800000,113[&def="genemark-DS113366-processed-gene-0.18-mRNA-1",cid=c862,aka=c862]:0.800000,114[&def="augustus_masked-DS113209-processed-gene-0.12-mRNA-1",cid=c1036,aka=c1036]:0.800000,(519[&def="genemark-DS113269-processed-gene-0.77-mRNA-1",cid=c1456,aka=c1456]:0.700000,520[&def="genemark-DS113199-processed-gene-1.9-mRNA-1",cid=c1457,aka=c1457]:0.700000,521[&def="augustus_masked-DS113275-processed-gene-0.33-mRNA-1",cid=c1455,aka=c1455]:0.700000)c1159[&cid=c1159,aka=c1159]:0.800000,115[&def="genemark-DS113206-processed-gene-0.21-mRNA-1",cid=c1054,aka=c1054]:0.800000,116[&def="augustus_masked-DS113271-processed-gene-0.14-mRNA-1",cid=c1010,aka=c1010]:0.800000,(522[&def="genemark-DS113246-processed-gene-0.41-mRNA-1",cid=c1694,aka=c1694]:0.600000,523[&def="augustus_masked-DS118477-processed-gene-0.0-mRNA-1",cid=c1693,aka=c1693]:0.600000)c1180[&cid=c1180,aka=c1180]:0.800000,117[&def="snap_masked-DS113914-processed-gene-0.27-mRNA-1",cid=c998,aka=c998]:0.800000,118[&def="genemark-DS113217-processed-gene-0.61-mRNA-1",cid=c871,aka=c871]:0.800000,119[&def="genemark-DS114577-processed-gene-0.7-mRNA-1",cid=c1048,aka=c1048]:0.800000,120[&def="genemark-DS113370-processed-gene-0.62-mRNA-1",cid=c1101,aka=c1101]:0.800000,(524[&def="genemark-DS113291-processed-gene-0.99-mRNA-1",cid=c1636,aka=c1636]:0.600000,525[&def="augustus_masked-DS113184-processed-gene-0.18-mRNA-1",cid=c1635,aka=c1635]:0.600000)c1118[&cid=c1118,aka=c1118]:0.800000,(526[&def="augustus_masked-DS113254-processed-gene-0.20-mRNA-1",cid=c1459,aka=c1459]:0.700000,527[&def="genemark-DS113329-processed-gene-0.61-mRNA-1",cid=c1458,aka=c1458]:0.700000)c1177[&cid=c1177,aka=c1177]:0.800000,(528[&def="genemark-DS113325-processed-gene-0.72-mRNA-1",cid=c1460,aka=c1460]:0.700000,529[&def="augustus_masked-DS114881-processed-gene-0.0-mRNA-1",cid=c1461,aka=c1461]:0.700000)c1150[&cid=c1150,aka=c1150]:0.800000,121[&def="genemark-DS113675-processed-gene-0.24-mRNA-1",cid=c1016,aka=c1016]:0.800000,122[&def="genemark-DS113366-processed-gene-0.52-mRNA-1",cid=c936,aka=c936]:0.800000,123[&def="augustus_masked-DS113333-processed-gene-0.21-mRNA-1",cid=c964,aka=c964]:0.800000,(530[&def="snap_masked-DS113180-processed-gene-2.87-mRNA-1",cid=c1780,aka=c1780]:0.400000,531[&def="genemark-DS113183-processed-gene-1.62-mRNA-1",cid=c1779,aka=c1779]:0.400000)c1143[&cid=c1143,aka=c1143]:0.800000,(532[&def="genemark-DS113552-processed-gene-0.16-mRNA-1",cid=c1466,aka=c1466]:0.700000,533[&def="augustus_masked-DS113286-processed-gene-0.21-mRNA-1",cid=c1465,aka=c1465]:0.700000)c1108[&cid=c1108,aka=c1108]:0.800000,124[&def="augustus_masked-DS113187-processed-gene-1.40-mRNA-1",cid=c1055,aka=c1055]:0.800000,(534[&def="augustus_masked-DS113348-processed-gene-0.16-mRNA-1",cid=c1462,aka=c1462]:0.700000,(773[&def="genemark-DS113786-processed-gene-0.31-mRNA-1",cid=c1602,aka=c1602]:0.600000,774[&def="augustus_masked-DS113382-processed-gene-0.1-mRNA-1",cid=c1603,aka=c1603]:0.600000)c1464[&cid=c1464,aka=c1464]:0.700000,535[&def="snap_masked-DS113231-processed-gene-1.87-mRNA-1",cid=c1463,aka=c1463]:0.700000)c1195[&cid=c1195,aka=c1195]:0.800000,(536[&def="augustus_masked-DS113183-processed-gene-3.13-mRNA-1",cid=c1467,aka=c1467]:0.700000,(775[&def="augustus_masked-DS113404-processed-gene-0.11-mRNA-1",cid=c1752,aka=c1752]:0.500000,776[&def="augustus_masked-DS113201-processed-gene-1.32-mRNA-1",cid=c1751,aka=c1751]:0.500000)c1468[&cid=c1468,aka=c1468]:0.700000)c1155[&cid=c1155,aka=c1155]:0.800000,125[&def="augustus_masked-DS113522-processed-gene-0.6-mRNA-1",cid=c846,aka=c846]:0.800000,126[&def="augustus_masked-DS114561-processed-gene-0.1-mRNA-1",cid=c974,aka=c974]:0.800000,127[&def="genemark-DS113386-processed-gene-0.28-mRNA-1",cid=c1100,aka=c1100]:0.800000,128[&def="augustus_masked-DS113878-processed-gene-0.7-mRNA-1",cid=c909,aka=c909]:0.800000,129[&def="augustus_masked-DS113221-processed-gene-0.18-mRNA-1",cid=c1080,aka=c1080]:0.800000,130[&def="genemark-DS113512-processed-gene-0.15-mRNA-1",cid=c979,aka=c979]:0.800000,131[&def="genemark-DS113181-processed-gene-3.33-mRNA-1",cid=c933,aka=c933]:0.800000,132[&def="genemark-DS113257-processed-gene-0.69-mRNA-1",cid=c928,aka=c928]:0.800000,(537[&def="augustus_masked-DS113570-processed-gene-0.3-mRNA-1",cid=c1470,aka=c1470]:0.700000,538[&def="augustus_masked-DS113693-processed-gene-0.0-mRNA-1",cid=c1469,aka=c1469]:0.700000,(777[&def="augustus_masked-DS113224-processed-gene-0.4-mRNA-1",cid=c1624,aka=c1624]:0.600000,778[&def="augustus_masked-DS113181-processed-gene-1.51-mRNA-1",cid=c1623,aka=c1623]:0.600000)c1474[&cid=c1474,aka=c1474]:0.700000,539[&def="augustus_masked-DS113197-processed-gene-1.20-mRNA-1",cid=c1471,aka=c1471]:0.700000,540[&def="augustus_masked-DS113229-processed-gene-1.5-mRNA-1",cid=c1472,aka=c1472]:0.700000,541[&def="genemark-DS113230-processed-gene-0.53-mRNA-1",cid=c1473,aka=c1473]:0.700000)c1199[&cid=c1199,aka=c1199]:0.800000,133[&def="genemark-DS113991-processed-gene-0.12-mRNA-1",cid=c942,aka=c942]:0.800000,134[&def="augustus_masked-DS113624-processed-gene-0.0-mRNA-1",cid=c1065,aka=c1065]:0.800000,135[&def="genemark-DS113212-processed-gene-0.58-mRNA-1",cid=c985,aka=c985]:0.800000,136[&def="genemark-DS113244-processed-gene-0.36-mRNA-1",cid=c878,aka=c878]:0.800000,137[&def="genemark-DS113252-processed-gene-0.26-mRNA-1",cid=c1099,aka=c1099]:0.800000,(542[&def="genemark-DS113228-processed-gene-1.23-mRNA-1",cid=c1475,aka=c1475]:0.700000,(779[&def="augustus_masked-DS114261-processed-gene-0.1-mRNA-1",cid=c1737,aka=c1737]:0.500000,780[&def="augustus_masked-DS113497-processed-gene-0.3-mRNA-1",cid=c1738,aka=c1738]:0.500000)c1476[&cid=c1476,aka=c1476]:0.700000)c1128[&cid=c1128,aka=c1128]:0.800000,(543[&def="genemark-DS113184-processed-gene-1.25-mRNA-1",cid=c1731,aka=c1731]:0.500000,544[&def="augustus_masked-DS114233-processed-gene-0.3-mRNA-1",cid=c1732,aka=c1732]:0.500000,545[&def="augustus_masked-DS113183-processed-gene-3.11-mRNA-1",cid=c1730,aka=c1730]:0.500000)c1174[&cid=c1174,aka=c1174]:0.800000,138[&def="genemark-DS113691-processed-gene-0.17-mRNA-1",cid=c1014,aka=c1014]:0.800000,(546[&def="augustus_masked-DS113241-processed-gene-0.13-mRNA-1",cid=c1477,aka=c1477]:0.700000,547[&def="augustus_masked-DS113370-processed-gene-0.13-mRNA-1",cid=c1478,aka=c1478]:0.700000)c1147[&cid=c1147,aka=c1147]:0.800000,139[&def="genemark-DS113196-processed-gene-1.77-mRNA-1",cid=c831,aka=c831]:0.800000,140[&def="genemark-DS113199-processed-gene-0.40-mRNA-1",cid=c966,aka=c966]:0.800000,141[&def="augustus_masked-DS113196-processed-gene-1.38-mRNA-1",cid=c908,aka=c908]:0.800000,(548[&def="genemark-DS113449-processed-gene-0.37-mRNA-1",cid=c1481,aka=c1481]:0.700000,549[&def="genemark-DS113402-processed-gene-0.19-mRNA-1",cid=c1486,aka=c1486]:0.700000,550[&def="augustus_masked-DS113517-processed-gene-0.9-mRNA-1",cid=c1483,aka=c1483]:0.700000,551[&def="augustus_masked-DS113874-processed-gene-0.3-mRNA-1",cid=c1484,aka=c1484]:0.700000,552[&def="augustus_masked-DS114003-processed-gene-0.2-mRNA-1",cid=c1480,aka=c1480]:0.700000,553[&def="genemark-DS113283-processed-gene-0.76-mRNA-1",cid=c1489,aka=c1489]:0.700000,(781[&def="genemark-DS113257-processed-gene-0.82-mRNA-1",cid=c1647,aka=c1647]:0.600000,782[&def="genemark-DS113188-processed-gene-1.22-mRNA-1",cid=c1648,aka=c1648]:0.600000)c1491[&cid=c1491,aka=c1491]:0.700000,554[&def="genemark-DS113394-processed-gene-0.42-mRNA-1",cid=c1490,aka=c1490]:0.700000,555[&def="genemark-DS113705-processed-gene-0.13-mRNA-1",cid=c1485,aka=c1485]:0.700000,556[&def="genemark-DS114214-processed-gene-0.11-mRNA-1",cid=c1482,aka=c1482]:0.700000,557[&def="genemark-DS113599-processed-gene-0.33-mRNA-1",cid=c1488,aka=c1488]:0.700000,558[&def="augustus_masked-DS113678-processed-gene-0.1-mRNA-1",cid=c1487,aka=c1487]:0.700000,559[&def="augustus_masked-DS113234-processed-gene-0.0-mRNA-1",cid=c1479,aka=c1479]:0.700000)c1113[&cid=c1113,aka=c1113]:0.800000,142[&def="genemark-DS113207-processed-gene-1.76-mRNA-1",cid=c905,aka=c905]:0.800000,(560[&def="genemark-DS113259-processed-gene-0.62-mRNA-1",cid=c1639,aka=c1639]:0.600000,561[&def="genemark-DS113274-processed-gene-0.79-mRNA-1",cid=c1640,aka=c1640]:0.600000)c1192[&cid=c1192,aka=c1192]:0.800000,143[&def="snap_masked-DS113733-processed-gene-0.54-mRNA-1",cid=c993,aka=c993]:0.800000,144[&def="genemark-DS113607-processed-gene-0.18-mRNA-1",cid=c882,aka=c882]:0.800000,(562[&def="augustus_masked-DS113863-processed-gene-0.5-mRNA-1",cid=c1698,aka=c1698]:0.600000,563[&def="snap_masked-DS113222-processed-gene-0.78-mRNA-1",cid=c1697,aka=c1697]:0.600000)c1124[&cid=c1124,aka=c1124]:0.800000,145[&def="augustus_masked-DS113236-processed-gene-0.1-mRNA-1",cid=c1084,aka=c1084]:0.800000,146[&def="genemark-DS113484-processed-gene-0.33-mRNA-1",cid=c902,aka=c902]:0.800000,(564[&def="genemark-DS113273-processed-gene-0.72-mRNA-1",cid=c1492,aka=c1492]:0.700000,(783[&def="snap_masked-DS113300-processed-gene-0.110-mRNA-1",cid=c1600,aka=c1600]:0.600000,784[&def="genemark-DS113482-processed-gene-0.51-mRNA-1",cid=c1601,aka=c1601]:0.600000)c1493[&cid=c1493,aka=c1493]:0.700000)c1106[&cid=c1106,aka=c1106]:0.800000,147[&def="genemark-DS113708-processed-gene-0.12-mRNA-1",cid=c1044,aka=c1044]:0.800000,148[&def="augustus_masked-DS113486-processed-gene-0.14-mRNA-1",cid=c990,aka=c990]:0.800000,149[&def="augustus_masked-DS113441-processed-gene-0.7-mRNA-1",cid=c1039,aka=c1039]:0.800000,(565[&def="genemark-DS113608-processed-gene-0.39-mRNA-1",cid=c1494,aka=c1494]:0.700000,(785[&def="genemark-DS113179-processed-gene-1.45-mRNA-1",cid=c1784,aka=c1784]:0.300000,786[&def="augustus_masked-DS113900-processed-gene-0.6-mRNA-1",cid=c1783,aka=c1783]:0.300000)c1496[&cid=c1496,aka=c1496]:0.700000,(787[&def="snap_masked-DS113657-processed-gene-0.45-mRNA-1",cid=c1718,aka=c1718]:0.600000,788[&def="genemark-DS113274-processed-gene-0.75-mRNA-1",cid=c1717,aka=c1717]:0.600000)c1495[&cid=c1495,aka=c1495]:0.700000)c1146[&cid=c1146,aka=c1146]:0.800000,(566[&def="augustus_masked-DS113258-processed-gene-0.7-mRNA-1",cid=c1497,aka=c1497]:0.700000,567[&def="augustus_masked-DS113650-processed-gene-0.1-mRNA-1",cid=c1498,aka=c1498]:0.700000)c1130[&cid=c1130,aka=c1130]:0.800000,150[&def="augustus_masked-DS113224-processed-gene-1.51-mRNA-1",cid=c949,aka=c949]:0.800000,151[&def="genemark-DS113250-processed-gene-0.53-mRNA-1",cid=c1096,aka=c1096]:0.800000,(568[&def="augustus_masked-DS113626-processed-gene-0.2-mRNA-1",cid=c1499,aka=c1499]:0.700000,569[&def="augustus_masked-DS113179-processed-gene-2.1-mRNA-1",cid=c1501,aka=c1501]:0.700000,570[&def="augustus_masked-DS113361-processed-gene-0.8-mRNA-1",cid=c1500,aka=c1500]:0.700000)c1103[&cid=c1103,aka=c1103]:0.800000,152[&def="genemark-DS113348-processed-gene-0.23-mRNA-1",cid=c1051,aka=c1051]:0.800000,(571[&def="augustus_masked-DS114180-processed-gene-0.2-mRNA-1",cid=c1503,aka=c1503]:0.700000,572[&def="augustus_masked-DS113496-processed-gene-0.6-mRNA-1",cid=c1502,aka=c1502]:0.700000)c1153[&cid=c1153,aka=c1153]:0.800000,(573[&def="augustus_masked-DS113545-processed-gene-0.0-mRNA-1",cid=c1800,aka=c1800]:0.200000,574[&def="augustus_masked-DS120383-processed-gene-0.0-mRNA-1",cid=c1799,aka=c1799]:0.200000)c1112[&cid=c1112,aka=c1112]:0.800000,153[&def="augustus_masked-DS113979-processed-gene-0.13-mRNA-1",cid=c877,aka=c877]:0.800000,154[&def="genemark-DS113868-processed-gene-0.30-mRNA-1",cid=c1003,aka=c1003]:0.800000,155[&def="genemark-DS113341-processed-gene-0.64-mRNA-1",cid=c825,aka=c825]:0.800000,156[&def="augustus_masked-DS113669-processed-gene-0.5-mRNA-1",cid=c1000,aka=c1000]:0.800000,157[&def="genemark-DS113348-processed-gene-0.25-mRNA-1",cid=c834,aka=c834]:0.800000,158[&def="genemark-DS113296-processed-gene-0.53-mRNA-1",cid=c1028,aka=c1028]:0.800000,159[&def="genemark-DS113616-processed-gene-0.13-mRNA-1",cid=c957,aka=c957]:0.800000,160[&def="genemark-DS113233-processed-gene-1.37-mRNA-1",cid=c849,aka=c849]:0.800000,161[&def="genemark-DS113654-processed-gene-0.9-mRNA-1",cid=c859,aka=c859]:0.800000,162[&def="genemark-DS113630-processed-gene-0.29-mRNA-1",cid=c944,aka=c944]:0.800000,163[&def="augustus_masked-DS113565-processed-gene-0.0-mRNA-1",cid=c1019,aka=c1019]:0.800000,164[&def="genemark-DS113346-processed-gene-0.19-mRNA-1",cid=c953,aka=c953]:0.800000,165[&def="genemark-DS113207-processed-gene-1.48-mRNA-1",cid=c910,aka=c910]:0.800000,166[&def="genemark-DS113340-processed-gene-0.32-mRNA-1",cid=c924,aka=c924]:0.800000,167[&def="augustus_masked-DS114019-processed-gene-0.5-mRNA-1",cid=c891,aka=c891]:0.800000,168[&def="genemark-DS113629-processed-gene-0.31-mRNA-1",cid=c1061,aka=c1061]:0.800000,169[&def="genemark-DS113378-processed-gene-0.26-mRNA-1",cid=c898,aka=c898]:0.800000,(575[&def="genemark-DS114256-processed-gene-0.20-mRNA-1",cid=c1505,aka=c1505]:0.700000,576[&def="augustus_masked-DS113316-processed-gene-0.25-mRNA-1",cid=c1504,aka=c1504]:0.700000)c1122[&cid=c1122,aka=c1122]:0.800000,170[&def="genemark-DS113222-processed-gene-1.71-mRNA-1",cid=c1075,aka=c1075]:0.800000,171[&def="genemark-DS113872-processed-gene-0.26-mRNA-1",cid=c889,aka=c889]:0.800000,172[&def="genemark-DS114029-processed-gene-0.13-mRNA-1",cid=c1093,aka=c1093]:0.800000,173[&def="augustus_masked-DS113270-processed-gene-0.11-mRNA-1",cid=c950,aka=c950]:0.800000,174[&def="augustus_masked-DS113207-processed-gene-0.8-mRNA-1",cid=c893,aka=c893]:0.800000,175[&def="genemark-DS113214-processed-gene-0.28-mRNA-1",cid=c1035,aka=c1035]:0.800000,176[&def="genemark-DS113862-processed-gene-0.14-mRNA-1",cid=c1056,aka=c1056]:0.800000,177[&def="augustus_masked-DS113991-processed-gene-0.5-mRNA-1",cid=c842,aka=c842]:0.800000,178[&def="genemark-DS113357-processed-gene-0.54-mRNA-1",cid=c917,aka=c917]:0.800000,179[&def="genemark-DS114033-processed-gene-0.15-mRNA-1",cid=c1083,aka=c1083]:0.800000,180[&def="augustus_masked-DS113177-processed-gene-3.10-mRNA-1",cid=c1068,aka=c1068]:0.800000,181[&def="augustus_masked-DS113259-processed-gene-0.2-mRNA-1",cid=c824,aka=c824]:0.800000,182[&def="genemark-DS113773-processed-gene-0.26-mRNA-1",cid=c864,aka=c864]:0.800000,183[&def="genemark-DS114555-processed-gene-0.10-mRNA-1",cid=c948,aka=c948]:0.800000,184[&def="snap_masked-DS113457-processed-gene-0.76-mRNA-1",cid=c978,aka=c978]:0.800000,185[&def="genemark-DS113391-processed-gene-0.53-mRNA-1",cid=c1017,aka=c1017]:0.800000,186[&def="genemark-DS113858-processed-gene-0.16-mRNA-1",cid=c963,aka=c963]:0.800000,187[&def="genemark-DS113495-processed-gene-0.11-mRNA-1",cid=c1008,aka=c1008]:0.800000,188[&def="genemark-DS113346-processed-gene-0.73-mRNA-1",cid=c1040,aka=c1040]:0.800000,(577[&def="genemark-DS113206-processed-gene-1.73-mRNA-1",cid=c1762,aka=c1762]:0.500000,578[&def="genemark-DS113684-processed-gene-0.44-mRNA-1",cid=c1761,aka=c1761]:0.500000)c1196[&cid=c1196,aka=c1196]:0.800000,189[&def="augustus_masked-DS113178-processed-gene-3.43-mRNA-1",cid=c1024,aka=c1024]:0.800000,((789[&def="augustus_masked-DS113205-processed-gene-0.10-mRNA-1",cid=c1770,aka=c1770]:0.500000,790[&def="augustus_masked-DS113343-processed-gene-0.5-mRNA-1",cid=c1769,aka=c1769]:0.500000)c1506[&cid=c1506,aka=c1506]:0.700000,((810[&def="augustus_masked-DS113958-processed-gene-0.5-mRNA-1",cid=c1760,aka=c1760]:0.500000,811[&def="augustus_masked-DS113900-processed-gene-0.3-mRNA-1",cid=c1759,aka=c1759]:0.500000)c1702[&cid=c1702,aka=c1702]:0.600000,791[&def="augustus_masked-DS113478-processed-gene-0.11-mRNA-1",cid=c1701,aka=c1701]:0.600000)c1507[&cid=c1507,aka=c1507]:0.700000)c1181[&cid=c1181,aka=c1181]:0.800000,190[&def="augustus_masked-DS113191-processed-gene-2.18-mRNA-1",cid=c980,aka=c980]:0.800000,191[&def="maker-DS113755-snap-gene-0.48-mRNA-1",cid=c872,aka=c872]:0.800000,192[&def="genemark-DS113543-processed-gene-0.39-mRNA-1",cid=c997,aka=c997]:0.800000,(579[&def="genemark-DS114199-processed-gene-0.3-mRNA-1",cid=c1764,aka=c1764]:0.500000,580[&def="genemark-DS113415-processed-gene-0.36-mRNA-1",cid=c1763,aka=c1763]:0.500000)c1166[&cid=c1166,aka=c1166]:0.800000,193[&def="genemark-DS114256-processed-gene-0.12-mRNA-1",cid=c854,aka=c854]:0.800000,194[&def="augustus_masked-DS113344-processed-gene-0.12-mRNA-1",cid=c931,aka=c931]:0.800000,195[&def="augustus_masked-DS113352-processed-gene-0.8-mRNA-1",cid=c916,aka=c916]:0.800000,196[&def="augustus_masked-DS113243-processed-gene-0.24-mRNA-1",cid=c1009,aka=c1009]:0.800000,197[&def="augustus_masked-DS113733-processed-gene-0.2-mRNA-1",cid=c1073,aka=c1073]:0.800000,198[&def="snap_masked-DS113880-processed-gene-0.22-mRNA-1",cid=c885,aka=c885]:0.800000,(581[&def="genemark-DS113435-processed-gene-0.63-mRNA-1",cid=c1646,aka=c1646]:0.600000,582[&def="genemark-DS113299-processed-gene-0.17-mRNA-1",cid=c1645,aka=c1645]:0.600000)c1142[&cid=c1142,aka=c1142]:0.800000,199[&def="genemark-DS113258-processed-gene-0.112-mRNA-1",cid=c1034,aka=c1034]:0.800000,200[&def="genemark-DS113261-processed-gene-0.57-mRNA-1",cid=c838,aka=c838]:0.800000,201[&def="genemark-DS113734-processed-gene-0.11-mRNA-1",cid=c1029,aka=c1029]:0.800000,202[&def="genemark-DS113553-processed-gene-0.40-mRNA-1",cid=c1060,aka=c1060]:0.800000,203[&def="genemark-DS113218-processed-gene-0.42-mRNA-1",cid=c1047,aka=c1047]:0.800000,(583[&def="augustus_masked-DS113420-processed-gene-0.2-mRNA-1",cid=c1509,aka=c1509]:0.700000,584[&def="genemark-DS114090-processed-gene-0.14-mRNA-1",cid=c1508,aka=c1508]:0.700000)c1137[&cid=c1137,aka=c1137]:0.800000,204[&def="maker-DS114056-snap-gene-0.30-mRNA-1",cid=c996,aka=c996]:0.800000,(585[&def="genemark-DS113677-processed-gene-0.34-mRNA-1",cid=c1511,aka=c1511]:0.700000,586[&def="augustus_masked-DS119183-processed-gene-0.0-mRNA-1",cid=c1515,aka=c1515]:0.700000,587[&def="genemark-DS113531-processed-gene-0.14-mRNA-1",cid=c1514,aka=c1514]:0.700000,588[&def="genemark-DS113381-processed-gene-0.35-mRNA-1",cid=c1512,aka=c1512]:0.700000,589[&def="augustus_masked-DS115149-processed-gene-0.0-mRNA-1",cid=c1510,aka=c1510]:0.700000,590[&def="augustus_masked-DS113259-processed-gene-0.19-mRNA-1",cid=c1513,aka=c1513]:0.700000)c1163[&cid=c1163,aka=c1163]:0.800000,(591[&def="genemark-DS114165-processed-gene-0.16-mRNA-1",cid=c1517,aka=c1517]:0.700000,592[&def="genemark-DS113495-processed-gene-0.40-mRNA-1",cid=c1519,aka=c1519]:0.700000,593[&def="genemark-DS113311-processed-gene-0.47-mRNA-1",cid=c1518,aka=c1518]:0.700000,594[&def="augustus_masked-DS113575-processed-gene-0.1-mRNA-1",cid=c1516,aka=c1516]:0.700000)c1189[&cid=c1189,aka=c1189]:0.800000,205[&def="genemark-DS113806-processed-gene-0.11-mRNA-1",cid=c1064,aka=c1064]:0.800000,206[&def="augustus_masked-DS113505-processed-gene-0.5-mRNA-1",cid=c1078,aka=c1078]:0.800000,207[&def="genemark-DS113405-processed-gene-0.62-mRNA-1",cid=c1018,aka=c1018]:0.800000,208[&def="augustus_masked-DS113631-processed-gene-0.13-mRNA-1",cid=c1038,aka=c1038]:0.800000,209[&def="genemark-DS113283-processed-gene-0.40-mRNA-1",cid=c835,aka=c835]:0.800000,210[&def="genemark-DS113220-processed-gene-0.27-mRNA-1",cid=c991,aka=c991]:0.800000,211[&def="genemark-DS113179-processed-gene-2.72-mRNA-1",cid=c1059,aka=c1059]:0.800000,212[&def="genemark-DS113805-processed-gene-0.11-mRNA-1",cid=c927,aka=c927]:0.800000,213[&def="augustus_masked-DS113461-processed-gene-0.9-mRNA-1",cid=c962,aka=c962]:0.800000,(595[&def="augustus_masked-DS113184-processed-gene-3.85-mRNA-1",cid=c1709,aka=c1709]:0.600000,596[&def="augustus_masked-DS113181-processed-gene-3.3-mRNA-1",cid=c1708,aka=c1708]:0.600000)c1131[&cid=c1131,aka=c1131]:0.800000,214[&def="genemark-DS113680-processed-gene-0.32-mRNA-1",cid=c850,aka=c850]:0.800000,215[&def="genemark-DS114328-processed-gene-0.3-mRNA-1",cid=c1066,aka=c1066]:0.800000,216[&def="genemark-DS113565-processed-gene-0.22-mRNA-1",cid=c973,aka=c973]:0.800000,((792[&def="genemark-DS113877-processed-gene-0.10-mRNA-1",cid=c1723,aka=c1723]:0.500000,793[&def="augustus_masked-DS113694-processed-gene-0.0-mRNA-1",cid=c1724,aka=c1724]:0.500000,794[&def="augustus_masked-DS113607-processed-gene-0.2-mRNA-1",cid=c1725,aka=c1725]:0.500000)c1521[&cid=c1521,aka=c1521]:0.700000,((812[&def="augustus_masked-DS113796-processed-gene-0.3-mRNA-1",cid=c1727,aka=c1727]:0.500000,813[&def="augustus_masked-DS113238-processed-gene-1.15-mRNA-1",cid=c1726,aka=c1726]:0.500000)c1660[&cid=c1660,aka=c1660]:0.600000,795[&def="augustus_masked-DS113294-processed-gene-0.16-mRNA-1",cid=c1659,aka=c1659]:0.600000)c1520[&cid=c1520,aka=c1520]:0.700000)c1175[&cid=c1175,aka=c1175]:0.800000,217[&def="genemark-DS113606-processed-gene-0.23-mRNA-1",cid=c970,aka=c970]:0.800000,218[&def="augustus_masked-DS113311-processed-gene-0.22-mRNA-1",cid=c911,aka=c911]:0.800000,(597[&def="genemark-DS113273-processed-gene-0.98-mRNA-1",cid=c1523,aka=c1523]:0.700000,598[&def="genemark-DS114003-processed-gene-0.23-mRNA-1",cid=c1522,aka=c1522]:0.700000)c1193[&cid=c1193,aka=c1193]:0.800000,219[&def="genemark-DS114851-processed-gene-0.4-mRNA-1",cid=c941,aka=c941]:0.800000,220[&def="augustus_masked-DS113754-processed-gene-0.10-mRNA-1",cid=c1011,aka=c1011]:0.800000,221[&def="augustus_masked-DS113732-processed-gene-0.5-mRNA-1",cid=c901,aka=c901]:0.800000,(599[&def="genemark-DS113269-processed-gene-0.91-mRNA-1",cid=c1525,aka=c1525]:0.700000,600[&def="genemark-DS113323-processed-gene-0.49-mRNA-1",cid=c1524,aka=c1524]:0.700000)c1165[&cid=c1165,aka=c1165]:0.800000,222[&def="genemark-DS113320-processed-gene-0.44-mRNA-1",cid=c829,aka=c829]:0.800000,223[&def="augustus_masked-DS113219-processed-gene-1.0-mRNA-1",cid=c1046,aka=c1046]:0.800000,(601[&def="augustus_masked-DS113463-processed-gene-0.5-mRNA-1",cid=c1526,aka=c1526]:0.700000,602[&def="augustus_masked-DS114210-processed-gene-0.1-mRNA-1",cid=c1527,aka=c1527]:0.700000)c1148[&cid=c1148,aka=c1148]:0.800000,(603[&def="genemark-DS113809-processed-gene-0.10-mRNA-1",cid=c1528,aka=c1528]:0.700000,604[&def="augustus_masked-DS113548-processed-gene-0.3-mRNA-1",cid=c1531,aka=c1531]:0.700000,605[&def="genemark-DS114744-processed-gene-0.3-mRNA-1",cid=c1533,aka=c1533]:0.700000,606[&def="genemark-DS113731-processed-gene-0.21-mRNA-1",cid=c1529,aka=c1529]:0.700000,607[&def="augustus_masked-DS113259-processed-gene-0.35-mRNA-1",cid=c1532,aka=c1532]:0.700000,608[&def="genemark-DS114268-processed-gene-0.0-mRNA-1",cid=c1530,aka=c1530]:0.700000,(796[&def="genemark-DS113249-processed-gene-0.63-mRNA-1",cid=c1637,aka=c1637]:0.600000,797[&def="augustus_masked-DS113556-processed-gene-0.5-mRNA-1",cid=c1638,aka=c1638]:0.600000)c1534[&cid=c1534,aka=c1534]:0.700000)c1102[&cid=c1102,aka=c1102]:0.800000,224[&def="augustus_masked-DS113319-processed-gene-0.12-mRNA-1",cid=c984,aka=c984]:0.800000,225[&def="genemark-DS113180-processed-gene-0.53-mRNA-1",cid=c845,aka=c845]:0.800000,226[&def="genemark-DS113797-processed-gene-0.17-mRNA-1",cid=c1088,aka=c1088]:0.800000,(609[&def="augustus_masked-DS129363-processed-gene-0.2-mRNA-1",cid=c1793,aka=c1793]:0.200000,610[&def="genemark-DS113198-processed-gene-0.34-mRNA-1",cid=c1794,aka=c1794]:0.200000)c1116[&cid=c1116,aka=c1116]:0.800000,227[&def="snap_masked-DS114207-processed-gene-0.29-mRNA-1",cid=c884,aka=c884]:0.800000,(611[&def="augustus_masked-DS113876-processed-gene-0.0-mRNA-1",cid=c1712,aka=c1712]:0.600000,612[&def="augustus_masked-DS113183-processed-gene-2.5-mRNA-1",cid=c1711,aka=c1711]:0.600000,613[&def="augustus_masked-DS113423-processed-gene-0.11-mRNA-1",cid=c1710,aka=c1710]:0.600000)c1169[&cid=c1169,aka=c1169]:0.800000,228[&def="genemark-DS113819-processed-gene-0.9-mRNA-1",cid=c879,aka=c879]:0.800000,(614[&def="genemark-DS113554-processed-gene-0.12-mRNA-1",cid=c1536,aka=c1536]:0.700000,615[&def="genemark-DS113554-processed-gene-0.11-mRNA-1",cid=c1535,aka=c1535]:0.700000)c1117[&cid=c1117,aka=c1117]:0.800000,229[&def="genemark-DS114108-processed-gene-0.6-mRNA-1",cid=c856,aka=c856]:0.800000,230[&def="genemark-DS113207-processed-gene-1.81-mRNA-1",cid=c922,aka=c922]:0.800000,231[&def="augustus_masked-DS113377-processed-gene-0.1-mRNA-1",cid=c907,aka=c907]:0.800000,232[&def="genemark-DS113397-processed-gene-0.57-mRNA-1",cid=c1027,aka=c1027]:0.800000,(616[&def="genemark-DS113183-processed-gene-2.21-mRNA-1",cid=c1766,aka=c1766]:0.500000,617[&def="augustus_masked-DS115438-processed-gene-0.0-mRNA-1",cid=c1765,aka=c1765]:0.500000)c1152[&cid=c1152,aka=c1152]:0.800000,(618[&def="augustus_masked-DS113279-processed-gene-0.28-mRNA-1",cid=c1537,aka=c1537]:0.700000,619[&def="augustus_masked-DS113677-processed-gene-0.9-mRNA-1",cid=c1538,aka=c1538]:0.700000)c1134[&cid=c1134,aka=c1134]:0.800000,233[&def="augustus_masked-DS114550-processed-gene-0.1-mRNA-1",cid=c904,aka=c904]:0.800000,234[&def="augustus_masked-DS113183-processed-gene-3.7-mRNA-1",cid=c951,aka=c951]:0.800000,235[&def="snap_masked-DS113535-processed-gene-0.54-mRNA-1",cid=c938,aka=c938]:0.800000,(620[&def="augustus_masked-DS113177-processed-gene-1.46-mRNA-1",cid=c1539,aka=c1539]:0.700000,621[&def="augustus_masked-DS113478-processed-gene-0.15-mRNA-1",cid=c1540,aka=c1540]:0.700000)c1133[&cid=c1133,aka=c1133]:0.800000,236[&def="augustus_masked-DS113254-processed-gene-0.23-mRNA-1",cid=c943,aka=c943]:0.800000,237[&def="augustus_masked-DS113446-processed-gene-0.17-mRNA-1",cid=c895,aka=c895]:0.800000,238[&def="genemark-DS113753-processed-gene-0.9-mRNA-1",cid=c923,aka=c923]:0.800000,(622[&def="augustus_masked-DS113548-processed-gene-0.8-mRNA-1",cid=c1545,aka=c1545]:0.700000,623[&def="genemark-DS114543-processed-gene-0.6-mRNA-1",cid=c1542,aka=c1542]:0.700000,624[&def="augustus_masked-DS114718-processed-gene-0.2-mRNA-1",cid=c1544,aka=c1544]:0.700000,625[&def="genemark-DS113484-processed-gene-0.19-mRNA-1",cid=c1546,aka=c1546]:0.700000,626[&def="genemark-DS114082-processed-gene-0.21-mRNA-1",cid=c1543,aka=c1543]:0.700000,627[&def="augustus_masked-DS113236-processed-gene-0.0-mRNA-1",cid=c1541,aka=c1541]:0.700000)c1168[&cid=c1168,aka=c1168]:0.800000,((798[&def="augustus_masked-DS113279-processed-gene-0.12-mRNA-1",cid=c1787,aka=c1787]:0.300000,799[&def="augustus_masked-DS113220-processed-gene-1.65-mRNA-1",cid=c1788,aka=c1788]:0.300000)c1782[&cid=c1782,aka=c1782]:0.400000,628[&def="augustus_masked-DS113334-processed-gene-0.8-mRNA-1",cid=c1781,aka=c1781]:0.400000)c1144[&cid=c1144,aka=c1144]:0.800000,239[&def="genemark-DS113874-processed-gene-0.7-mRNA-1",cid=c986,aka=c986]:0.800000,240[&def="genemark-DS114233-processed-gene-0.9-mRNA-1",cid=c1062,aka=c1062]:0.800000,241[&def="genemark-DS114037-processed-gene-0.17-mRNA-1",cid=c1095,aka=c1095]:0.800000,242[&def="genemark-DS114133-processed-gene-0.9-mRNA-1",cid=c956,aka=c956]:0.800000,(629[&def="genemark-DS113462-processed-gene-0.64-mRNA-1",cid=c1548,aka=c1548]:0.700000,630[&def="genemark-DS114483-processed-gene-0.5-mRNA-1",cid=c1547,aka=c1547]:0.700000)c1107[&cid=c1107,aka=c1107]:0.800000,243[&def="augustus_masked-DS113258-processed-gene-0.6-mRNA-1",cid=c934,aka=c934]:0.800000,244[&def="augustus_masked-DS113745-processed-gene-0.9-mRNA-1",cid=c848,aka=c848]:0.800000,245[&def="genemark-DS113906-processed-gene-0.21-mRNA-1",cid=c1072,aka=c1072]:0.800000,(631[&def="snap_masked-DS120915-processed-gene-0.2-mRNA-1",cid=c1768,aka=c1768]:0.500000,632[&def="genemark-DS113193-processed-gene-0.47-mRNA-1",cid=c1767,aka=c1767]:0.500000)c1125[&cid=c1125,aka=c1125]:0.800000,246[&def="augustus_masked-DS113355-processed-gene-0.1-mRNA-1",cid=c1057,aka=c1057]:0.800000,247[&def="augustus_masked-DS113939-processed-gene-0.1-mRNA-1",cid=c959,aka=c959]:0.800000,(((814[&def="augustus_masked-DS113319-processed-gene-0.2-mRNA-1",cid=c1750,aka=c1750]:0.500000,815[&def="augustus_masked-DS113219-processed-gene-0.52-mRNA-1",cid=c1749,aka=c1749]:0.500000)c1679[&cid=c1679,aka=c1679]:0.600000,(816[&def="augustus_masked-DS113329-processed-gene-0.4-mRNA-1",cid=c1798,aka=c1798]:0.200000,817[&def="genemark-DS113231-processed-gene-0.56-mRNA-1",cid=c1797,aka=c1797]:0.200000)c1678[&cid=c1678,aka=c1678]:0.600000)c1550[&cid=c1550,aka=c1550]:0.700000,633[&def="augustus_masked-DS113199-processed-gene-1.82-mRNA-1",cid=c1549,aka=c1549]:0.700000)c1182[&cid=c1182,aka=c1182]:0.800000,248[&def="augustus_masked-DS114045-processed-gene-0.1-mRNA-1",cid=c867,aka=c867]:0.800000,(634[&def="genemark-DS113256-processed-gene-0.45-mRNA-1",cid=c1569,aka=c1569]:0.700000,635[&def="augustus_masked-DS113325-processed-gene-0.3-mRNA-1",cid=c1557,aka=c1557]:0.700000,636[&def="augustus_masked-DS113646-processed-gene-0.13-mRNA-1",cid=c1568,aka=c1568]:0.700000,637[&def="augustus_masked-DS113960-processed-gene-0.3-mRNA-1",cid=c1561,aka=c1561]:0.700000,638[&def="genemark-DS113769-processed-gene-0.32-mRNA-1",cid=c1559,aka=c1559]:0.700000,639[&def="augustus_masked-DS113269-processed-gene-0.17-mRNA-1",cid=c1553,aka=c1553]:0.700000,640[&def="genemark-DS113235-processed-gene-1.29-mRNA-1",cid=c1551,aka=c1551]:0.700000,641[&def="genemark-DS113244-processed-gene-0.44-mRNA-1",cid=c1563,aka=c1563]:0.700000,642[&def="genemark-DS113742-processed-gene-0.28-mRNA-1",cid=c1570,aka=c1570]:0.700000,643[&def="genemark-DS113585-processed-gene-0.13-mRNA-1",cid=c1558,aka=c1558]:0.700000,644[&def="genemark-DS113190-processed-gene-1.30-mRNA-1",cid=c1555,aka=c1555]:0.700000,645[&def="genemark-DS113383-processed-gene-0.55-mRNA-1",cid=c1567,aka=c1567]:0.700000,646[&def="augustus_masked-DS113943-processed-gene-0.0-mRNA-1",cid=c1552,aka=c1552]:0.700000,647[&def="augustus_masked-DS113517-processed-gene-0.7-mRNA-1",cid=c1564,aka=c1564]:0.700000,(800[&def="maker-DS113456-snap-gene-0.56-mRNA-1",cid=c1795,aka=c1795]:0.200000,801[&def="maker-DS113456-snap-gene-0.56-mRNA-2",cid=c1796,aka=c1796]:0.200000)c1572[&cid=c1572,aka=c1572]:0.700000,648[&def="genemark-DS114435-processed-gene-0.2-mRNA-1",cid=c1556,aka=c1556]:0.700000,649[&def="genemark-DS114138-processed-gene-0.5-mRNA-1",cid=c1565,aka=c1565]:0.700000,650[&def="genemark-DS113184-processed-gene-3.46-mRNA-1",cid=c1560,aka=c1560]:0.700000,651[&def="augustus_masked-DS113725-processed-gene-0.9-mRNA-1",cid=c1566,aka=c1566]:0.700000,652[&def="augustus_masked-DS113251-processed-gene-0.23-mRNA-1",cid=c1571,aka=c1571]:0.700000,653[&def="genemark-DS113845-processed-gene-0.27-mRNA-1",cid=c1562,aka=c1562]:0.700000,654[&def="genemark-DS114098-processed-gene-0.8-mRNA-1",cid=c1554,aka=c1554]:0.700000)c1200[&cid=c1200,aka=c1200]:0.800000,249[&def="genemark-DS113249-processed-gene-0.107-mRNA-1",cid=c1021,aka=c1021]:0.800000,(655[&def="augustus_masked-DS113700-processed-gene-0.0-mRNA-1",cid=c1716,aka=c1716]:0.600000,656[&def="genemark-DS113314-processed-gene-0.55-mRNA-1",cid=c1715,aka=c1715]:0.600000)c1185[&cid=c1185,aka=c1185]:0.800000,250[&def="genemark-DS114336-processed-gene-0.8-mRNA-1",cid=c874,aka=c874]:0.800000,(657[&def="genemark-DS113344-processed-gene-0.48-mRNA-1",cid=c1573,aka=c1573]:0.700000,658[&def="augustus_masked-DS113758-processed-gene-0.2-mRNA-1",cid=c1574,aka=c1574]:0.700000)c1138[&cid=c1138,aka=c1138]:0.800000,251[&def="snap_masked-DS113473-processed-gene-0.49-mRNA-1",cid=c1052,aka=c1052]:0.800000,252[&def="genemark-DS113237-processed-gene-0.27-mRNA-1",cid=c1033,aka=c1033]:0.800000,253[&def="genemark-DS113770-processed-gene-0.30-mRNA-1",cid=c1007,aka=c1007]:0.800000,254[&def="genemark-DS114432-processed-gene-0.1-mRNA-1",cid=c896,aka=c896]:0.800000,255[&def="genemark-DS113633-processed-gene-0.23-mRNA-1",cid=c977,aka=c977]:0.800000,256[&def="genemark-DS113461-processed-gene-0.23-mRNA-1",cid=c937,aka=c937]:0.800000,257[&def="genemark-DS113727-processed-gene-0.24-mRNA-1",cid=c1076,aka=c1076]:0.800000,258[&def="genemark-DS113410-processed-gene-0.47-mRNA-1",cid=c899,aka=c899]:0.800000,259[&def="genemark-DS113341-processed-gene-0.76-mRNA-1",cid=c855,aka=c855]:0.800000,(659[&def="genemark-DS113791-processed-gene-0.21-mRNA-1",cid=c1742,aka=c1742]:0.500000,660[&def="genemark-DS113347-processed-gene-0.75-mRNA-1",cid=c1741,aka=c1741]:0.500000)c1162[&cid=c1162,aka=c1162]:0.800000,260[&def="augustus_masked-DS113411-processed-gene-0.4-mRNA-1",cid=c947,aka=c947]:0.800000,261[&def="augustus_masked-DS113296-processed-gene-0.2-mRNA-1",cid=c841,aka=c841]:0.800000,(661[&def="genemark-DS113770-processed-gene-0.34-mRNA-1",cid=c1590,aka=c1590]:0.700000,662[&def="genemark-DS113241-processed-gene-0.78-mRNA-1",cid=c1576,aka=c1576]:0.700000,663[&def="augustus_masked-DS115293-processed-gene-0.0-mRNA-1",cid=c1584,aka=c1584]:0.700000,664[&def="genemark-DS113368-processed-gene-0.39-mRNA-1",cid=c1581,aka=c1581]:0.700000,665[&def="genemark-DS113625-processed-gene-0.23-mRNA-1",cid=c1586,aka=c1586]:0.700000,666[&def="augustus_masked-DS115754-processed-gene-0.3-mRNA-1",cid=c1589,aka=c1589]:0.700000,667[&def="genemark-DS113327-processed-gene-0.52-mRNA-1",cid=c1594,aka=c1594]:0.700000,668[&def="genemark-DS114498-processed-gene-0.11-mRNA-1",cid=c1578,aka=c1578]:0.700000,669[&def="genemark-DS114178-processed-gene-0.13-mRNA-1",cid=c1583,aka=c1583]:0.700000,670[&def="genemark-DS113617-processed-gene-0.44-mRNA-1",cid=c1591,aka=c1591]:0.700000,671[&def="genemark-DS113348-processed-gene-0.30-mRNA-1",cid=c1575,aka=c1575]:0.700000,672[&def="genemark-DS113905-processed-gene-0.20-mRNA-1",cid=c1579,aka=c1579]:0.700000,673[&def="genemark-DS114127-processed-gene-0.18-mRNA-1",cid=c1587,aka=c1587]:0.700000,674[&def="genemark-DS113820-processed-gene-0.24-mRNA-1",cid=c1592,aka=c1592]:0.700000,675[&def="augustus_masked-DS113639-processed-gene-0.5-mRNA-1",cid=c1585,aka=c1585]:0.700000,676[&def="genemark-DS113366-processed-gene-0.55-mRNA-1",cid=c1580,aka=c1580]:0.700000,677[&def="augustus_masked-DS114127-processed-gene-0.3-mRNA-1",cid=c1593,aka=c1593]:0.700000,678[&def="augustus_masked-DS113625-processed-gene-0.4-mRNA-1",cid=c1582,aka=c1582]:0.700000,679[&def="genemark-DS113222-processed-gene-1.45-mRNA-1",cid=c1588,aka=c1588]:0.700000,680[&def="augustus_masked-DS113343-processed-gene-0.18-mRNA-1",cid=c1577,aka=c1577]:0.700000)c1157[&cid=c1157,aka=c1157]:0.800000,262[&def="augustus_masked-DS113296-processed-gene-0.6-mRNA-1",cid=c873,aka=c873]:0.800000,263[&def="maker-DS113718-augustus-gene-0.42-mRNA-1",cid=c832,aka=c832]:0.800000,264[&def="genemark-DS113201-processed-gene-1.77-mRNA-1",cid=c932,aka=c932]:0.800000,265[&def="augustus_masked-DS113632-processed-gene-0.1-mRNA-1",cid=c1049,aka=c1049]:0.800000,266[&def="genemark-DS113411-processed-gene-0.32-mRNA-1",cid=c915,aka=c915]:0.800000,267[&def="genemark-DS114259-processed-gene-0.7-mRNA-1",cid=c860,aka=c860]:0.800000,268[&def="genemark-DS113192-processed-gene-1.16-mRNA-1",cid=c1023,aka=c1023]:0.800000,(681[&def="augustus_masked-DS113364-processed-gene-0.8-mRNA-1",cid=c1596,aka=c1596]:0.700000,682[&def="augustus_masked-DS113367-processed-gene-0.8-mRNA-1",cid=c1597,aka=c1597]:0.700000,683[&def="augustus_masked-DS113227-processed-gene-0.2-mRNA-1",cid=c1595,aka=c1595]:0.700000)c1123[&cid=c1123,aka=c1123]:0.800000,269[&def="genemark-DS113432-processed-gene-0.42-mRNA-1",cid=c1079,aka=c1079]:0.800000,270[&def="genemark-DS113427-processed-gene-0.36-mRNA-1",cid=c890,aka=c890]:0.800000,271[&def="snap_masked-DS113829-processed-gene-0.46-mRNA-1",cid=c969,aka=c969]:0.800000,((802[&def="augustus_masked-DS113653-processed-gene-0.10-mRNA-1",cid=c1691,aka=c1691]:0.600000,(818[&def="genemark-DS113762-processed-gene-0.10-mRNA-1",cid=c1739,aka=c1739]:0.500000,819[&def="augustus_masked-DS113331-processed-gene-0.13-mRNA-1",cid=c1740,aka=c1740]:0.500000)c1692[&cid=c1692,aka=c1692]:0.600000)c1599[&cid=c1599,aka=c1599]:0.700000,684[&def="augustus_masked-DS113884-processed-gene-0.3-mRNA-1",cid=c1598,aka=c1598]:0.700000)c1170[&cid=c1170,aka=c1170]:0.800000,(685[&def="genemark-DS113306-processed-gene-0.91-mRNA-1",cid=c1720,aka=c1720]:0.600000,686[&def="snap_masked-DS113519-processed-gene-0.54-mRNA-1",cid=c1719,aka=c1719]:0.600000)c1197[&cid=c1197,aka=c1197]:0.800000,272[&def="genemark-DS113380-processed-gene-0.37-mRNA-1",cid=c1020,aka=c1020]:0.800000,273[&def="genemark-DS113257-processed-gene-0.87-mRNA-1",cid=c926,aka=c926]:0.800000,274[&def="augustus_masked-DS113256-processed-gene-0.2-mRNA-1",cid=c828,aka=c828]:0.800000,275[&def="genemark-DS113636-processed-gene-0.29-mRNA-1",cid=c900,aka=c900]:0.800000,276[&def="genemark-DS113250-processed-gene-0.80-mRNA-1",cid=c1043,aka=c1043]:0.800000,277[&def="augustus_masked-DS113300-processed-gene-0.29-mRNA-1",cid=c1087,aka=c1087]:0.800000,278[&def="augustus_masked-DS113392-processed-gene-0.17-mRNA-1",cid=c1092,aka=c1092]:0.800000)c823[&cid=c823,aka=c823]:1.000000)c0[&cid=c0,aka=c0]:1.000000)[&cmd="##CLUSTERS:-k:3	-g:0.1	-p:1000	-s:20	-f:contigSrt.top_17290_longest.all.maker.proteins.kinannote_kinases.fasta"];
END;
BEGIN NOTES;
[! Notes block written by Bio::Phylo::Project 0.58 on Thu Jul  7 17:08:43 2016 ]
END;
